[0508/211355.653:VERBOSE1:logging_network_change_observer.cc(85)] Observed a change to the network IP addresses
[0508/211356.606:VERBOSE1:logging_network_change_observer.cc(95)] Observed a change to network connectivity state CONNECTION_NONE
[0508/211357.111:VERBOSE1:logging_network_change_observer.cc(108)] Observed a network change to state CONNECTION_NONE
[0509/104310.302:VERBOSE1:logging_network_change_observer.cc(85)] Observed a change to the network IP addresses
[0509/104311.568:WARNING:dns_config_service_win.cc(669)] Failed to read DnsConfig.
[0509/104312.142:VERBOSE1:logging_network_change_observer.cc(95)] Observed a change to network connectivity state CONNECTION_WIFI
[0509/104313.745:VERBOSE1:logging_network_change_observer.cc(108)] Observed a network change to state CONNECTION_NONE
[0509/104313.747:VERBOSE1:logging_network_change_observer.cc(108)] Observed a network change to state CONNECTION_WIFI
[0509/104313.782:VERBOSE1:logging_network_change_observer.cc(85)] Observed a change to the network IP addresses
[0509/104314.781:VERBOSE1:logging_network_change_observer.cc(95)] Observed a change to network connectivity state CONNECTION_WIFI
[0509/104314.940:VERBOSE1:logging_network_change_observer.cc(85)] Observed a change to the network IP addresses
[0509/104315.940:VERBOSE1:logging_network_change_observer.cc(95)] Observed a change to network connectivity state CONNECTION_WIFI
[0509/104316.444:VERBOSE1:logging_network_change_observer.cc(108)] Observed a network change to state CONNECTION_NONE
[0509/104316.444:VERBOSE1:logging_network_change_observer.cc(108)] Observed a network change to state CONNECTION_WIFI
[0509/113405.188:VERBOSE1:logging_network_change_observer.cc(85)] Observed a change to the network IP addresses
[0509/113406.193:VERBOSE1:logging_network_change_observer.cc(95)] Observed a change to network connectivity state CONNECTION_WIFI
[0509/113406.695:VERBOSE1:logging_network_change_observer.cc(108)] Observed a network change to state CONNECTION_NONE
[0509/113406.695:VERBOSE1:logging_network_change_observer.cc(108)] Observed a network change to state CONNECTION_WIFI
[0509/121641.325:VERBOSE1:logging_network_change_observer.cc(85)] Observed a change to the network IP addresses
[0509/121641.409:WARNING:dns_config_service_win.cc(669)] Failed to read DnsConfig.
[0509/121642.327:VERBOSE1:logging_network_change_observer.cc(95)] Observed a change to network connectivity state CONNECTION_NONE
[0509/121642.828:VERBOSE1:logging_network_change_observer.cc(108)] Observed a network change to state CONNECTION_NONE
[0509/121644.336:WARNING:dns_config_service_win.cc(669)] Failed to read DnsConfig.
[0509/121646.412:WARNING:dns_config_service_win.cc(669)] Failed to read DnsConfig.
[0509/121649.343:WARNING:dns_config_service_win.cc(669)] Failed to read DnsConfig.
[0509/121651.417:WARNING:dns_config_service_win.cc(669)] Failed to read DnsConfig.
[0509/121654.349:WARNING:dns_config_service_win.cc(669)] Failed to read DnsConfig.
[0509/121656.420:WARNING:dns_config_service_win.cc(669)] Failed to read DnsConfig.
[0509/121659.352:WARNING:dns_config_service_win.cc(669)] Failed to read DnsConfig.
[0509/121701.424:WARNING:dns_config_service_win.cc(669)] Failed to read DnsConfig.
[0509/121704.359:WARNING:dns_config_service_win.cc(669)] Failed to read DnsConfig.
[0509/121706.431:WARNING:dns_config_service_win.cc(669)] Failed to read DnsConfig.
[0509/121709.368:WARNING:dns_config_service_win.cc(669)] Failed to read DnsConfig.
[0509/121711.439:WARNING:dns_config_service_win.cc(669)] Failed to read DnsConfig.
[0509/121714.376:WARNING:dns_config_service_win.cc(669)] Failed to read DnsConfig.
[0509/121716.445:WARNING:dns_config_service_win.cc(669)] Failed to read DnsConfig.
[0509/121719.386:WARNING:dns_config_service_win.cc(669)] Failed to read DnsConfig.
[0509/121721.454:WARNING:dns_config_service_win.cc(669)] Failed to read DnsConfig.
[0509/121724.393:WARNING:dns_config_service_win.cc(669)] Failed to read DnsConfig.
[0509/121726.465:WARNING:dns_config_service_win.cc(669)] Failed to read DnsConfig.
[0509/121729.404:WARNING:dns_config_service_win.cc(669)] Failed to read DnsConfig.
[0509/121731.476:WARNING:dns_config_service_win.cc(669)] Failed to read DnsConfig.
[0509/121734.407:WARNING:dns_config_service_win.cc(669)] Failed to read DnsConfig.
[0509/121736.486:WARNING:dns_config_service_win.cc(669)] Failed to read DnsConfig.
[0509/121739.414:WARNING:dns_config_service_win.cc(669)] Failed to read DnsConfig.
[0509/121741.496:WARNING:dns_config_service_win.cc(669)] Failed to read DnsConfig.
[0509/121744.420:WARNING:dns_config_service_win.cc(669)] Failed to read DnsConfig.
[0509/121746.505:WARNING:dns_config_service_win.cc(669)] Failed to read DnsConfig.
[0509/121749.429:WARNING:dns_config_service_win.cc(669)] Failed to read DnsConfig.
[0509/121751.510:WARNING:dns_config_service_win.cc(669)] Failed to read DnsConfig.
[0509/121754.438:WARNING:dns_config_service_win.cc(669)] Failed to read DnsConfig.
[0509/121758.243:VERBOSE1:logging_network_change_observer.cc(85)] Observed a change to the network IP addresses
[0509/121759.250:VERBOSE1:logging_network_change_observer.cc(95)] Observed a change to network connectivity state CONNECTION_WIFI
[0509/121800.751:VERBOSE1:logging_network_change_observer.cc(108)] Observed a network change to state CONNECTION_NONE
[0509/121800.751:VERBOSE1:logging_network_change_observer.cc(108)] Observed a network change to state CONNECTION_WIFI
[0509/121948.716:VERBOSE1:logging_network_change_observer.cc(85)] Observed a change to the network IP addresses
[0509/121949.721:VERBOSE1:logging_network_change_observer.cc(95)] Observed a change to network connectivity state CONNECTION_WIFI
[0509/121950.223:VERBOSE1:logging_network_change_observer.cc(108)] Observed a network change to state CONNECTION_NONE
[0509/121950.223:VERBOSE1:logging_network_change_observer.cc(108)] Observed a network change to state CONNECTION_WIFI
[0509/122139.730:VERBOSE1:logging_network_change_observer.cc(85)] Observed a change to the network IP addresses
[0509/122140.738:VERBOSE1:logging_network_change_observer.cc(95)] Observed a change to network connectivity state CONNECTION_WIFI
[0509/122141.239:VERBOSE1:logging_network_change_observer.cc(108)] Observed a network change to state CONNECTION_NONE
[0509/122141.239:VERBOSE1:logging_network_change_observer.cc(108)] Observed a network change to state CONNECTION_WIFI
[0509/122330.218:VERBOSE1:logging_network_change_observer.cc(85)] Observed a change to the network IP addresses
[0509/122331.223:VERBOSE1:logging_network_change_observer.cc(95)] Observed a change to network connectivity state CONNECTION_WIFI
[0509/122331.724:VERBOSE1:logging_network_change_observer.cc(108)] Observed a network change to state CONNECTION_NONE
[0509/122331.724:VERBOSE1:logging_network_change_observer.cc(108)] Observed a network change to state CONNECTION_WIFI
[0509/122432.816:VERBOSE1:logging_network_change_observer.cc(85)] Observed a change to the network IP addresses
[0509/122432.820:WARNING:dns_config_service_win.cc(669)] Failed to read DnsConfig.
[0509/122433.819:VERBOSE1:logging_network_change_observer.cc(95)] Observed a change to network connectivity state CONNECTION_WIFI
[0509/122433.969:WARNING:dns_config_service_win.cc(669)] Failed to read DnsConfig.
[0509/122434.319:VERBOSE1:logging_network_change_observer.cc(108)] Observed a network change to state CONNECTION_NONE
[0509/122434.319:VERBOSE1:logging_network_change_observer.cc(108)] Observed a network change to state CONNECTION_WIFI
[0509/122437.826:WARNING:dns_config_service_win.cc(669)] Failed to read DnsConfig.
[0509/122438.975:WARNING:dns_config_service_win.cc(669)] Failed to read DnsConfig.
[0509/122439.224:VERBOSE1:logging_network_change_observer.cc(85)] Observed a change to the network IP addresses
[0509/122440.234:VERBOSE1:logging_network_change_observer.cc(95)] Observed a change to network connectivity state CONNECTION_WIFI
[0509/122440.737:VERBOSE1:logging_network_change_observer.cc(108)] Observed a network change to state CONNECTION_NONE
[0509/122440.737:VERBOSE1:logging_network_change_observer.cc(108)] Observed a network change to state CONNECTION_WIFI
[0509/122442.744:VERBOSE1:logging_network_change_observer.cc(85)] Observed a change to the network IP addresses
[0509/122442.830:WARNING:dns_config_service_win.cc(669)] Failed to read DnsConfig.
[0509/122443.751:VERBOSE1:logging_network_change_observer.cc(95)] Observed a change to network connectivity state CONNECTION_WIFI
[0509/122443.983:WARNING:dns_config_service_win.cc(669)] Failed to read DnsConfig.
[0509/122444.252:VERBOSE1:logging_network_change_observer.cc(108)] Observed a network change to state CONNECTION_NONE
[0509/122444.252:VERBOSE1:logging_network_change_observer.cc(108)] Observed a network change to state CONNECTION_WIFI
[0509/122447.833:WARNING:dns_config_service_win.cc(669)] Failed to read DnsConfig.
[0509/122448.986:WARNING:dns_config_service_win.cc(669)] Failed to read DnsConfig.
[0509/122452.836:WARNING:dns_config_service_win.cc(669)] Failed to read DnsConfig.
[0509/122453.993:WARNING:dns_config_service_win.cc(669)] Failed to read DnsConfig.
[0509/122456.388:VERBOSE1:logging_network_change_observer.cc(85)] Observed a change to the network IP addresses
[0509/122457.392:VERBOSE1:logging_network_change_observer.cc(95)] Observed a change to network connectivity state CONNECTION_WIFI
[0509/122457.893:VERBOSE1:logging_network_change_observer.cc(108)] Observed a network change to state CONNECTION_NONE
[0509/122457.893:VERBOSE1:logging_network_change_observer.cc(108)] Observed a network change to state CONNECTION_WIFI
[0509/122459.719:VERBOSE1:logging_network_change_observer.cc(85)] Observed a change to the network IP addresses
[0509/122500.725:VERBOSE1:logging_network_change_observer.cc(95)] Observed a change to network connectivity state CONNECTION_WIFI
[0509/122501.225:VERBOSE1:logging_network_change_observer.cc(108)] Observed a network change to state CONNECTION_NONE
[0509/122501.225:VERBOSE1:logging_network_change_observer.cc(108)] Observed a network change to state CONNECTION_WIFI
[0509/122521.221:VERBOSE1:logging_network_change_observer.cc(85)] Observed a change to the network IP addresses
[0509/122522.225:VERBOSE1:logging_network_change_observer.cc(95)] Observed a change to network connectivity state CONNECTION_WIFI
[0509/122522.727:VERBOSE1:logging_network_change_observer.cc(108)] Observed a network change to state CONNECTION_NONE
[0509/122522.727:VERBOSE1:logging_network_change_observer.cc(108)] Observed a network change to state CONNECTION_WIFI
[0509/122627.414:VERBOSE1:logging_network_change_observer.cc(85)] Observed a change to the network IP addresses
[0509/122627.508:WARNING:dns_config_service_win.cc(669)] Failed to read DnsConfig.
[0509/122628.413:VERBOSE1:logging_network_change_observer.cc(95)] Observed a change to network connectivity state CONNECTION_NONE
[0509/122628.914:VERBOSE1:logging_network_change_observer.cc(108)] Observed a network change to state CONNECTION_NONE
[0509/122630.409:WARNING:dns_config_service_win.cc(669)] Failed to read DnsConfig.
[0509/122632.512:WARNING:dns_config_service_win.cc(669)] Failed to read DnsConfig.
[0509/122635.420:WARNING:dns_config_service_win.cc(669)] Failed to read DnsConfig.
[0509/122637.518:WARNING:dns_config_service_win.cc(669)] Failed to read DnsConfig.
[0509/122640.423:WARNING:dns_config_service_win.cc(669)] Failed to read DnsConfig.
[0509/122642.523:WARNING:dns_config_service_win.cc(669)] Failed to read DnsConfig.
[0509/122645.433:WARNING:dns_config_service_win.cc(669)] Failed to read DnsConfig.
[0509/122647.532:WARNING:dns_config_service_win.cc(669)] Failed to read DnsConfig.
[0509/122650.443:WARNING:dns_config_service_win.cc(669)] Failed to read DnsConfig.
[0509/122652.542:WARNING:dns_config_service_win.cc(669)] Failed to read DnsConfig.
[0509/122655.454:WARNING:dns_config_service_win.cc(669)] Failed to read DnsConfig.
[0509/122657.551:WARNING:dns_config_service_win.cc(669)] Failed to read DnsConfig.
[0509/122700.462:WARNING:dns_config_service_win.cc(669)] Failed to read DnsConfig.
[0509/122702.559:WARNING:dns_config_service_win.cc(669)] Failed to read DnsConfig.
[0509/122705.474:WARNING:dns_config_service_win.cc(669)] Failed to read DnsConfig.
[0509/122707.568:WARNING:dns_config_service_win.cc(669)] Failed to read DnsConfig.
[0509/122710.478:WARNING:dns_config_service_win.cc(669)] Failed to read DnsConfig.
[0509/122712.579:WARNING:dns_config_service_win.cc(669)] Failed to read DnsConfig.
[0509/122715.487:WARNING:dns_config_service_win.cc(669)] Failed to read DnsConfig.
[0509/122717.586:WARNING:dns_config_service_win.cc(669)] Failed to read DnsConfig.
[0509/122720.491:WARNING:dns_config_service_win.cc(669)] Failed to read DnsConfig.
[0509/122722.589:WARNING:dns_config_service_win.cc(669)] Failed to read DnsConfig.
[0509/122725.494:WARNING:dns_config_service_win.cc(669)] Failed to read DnsConfig.
[0509/122727.593:WARNING:dns_config_service_win.cc(669)] Failed to read DnsConfig.
[0509/122730.498:WARNING:dns_config_service_win.cc(669)] Failed to read DnsConfig.
[0509/122732.596:WARNING:dns_config_service_win.cc(669)] Failed to read DnsConfig.
[0509/122735.500:WARNING:dns_config_service_win.cc(669)] Failed to read DnsConfig.
[0509/122737.599:WARNING:dns_config_service_win.cc(669)] Failed to read DnsConfig.
[0509/122740.503:WARNING:dns_config_service_win.cc(669)] Failed to read DnsConfig.
[0509/122742.602:WARNING:dns_config_service_win.cc(669)] Failed to read DnsConfig.
[0509/122745.507:WARNING:dns_config_service_win.cc(669)] Failed to read DnsConfig.
[0509/122747.605:WARNING:dns_config_service_win.cc(669)] Failed to read DnsConfig.
[0509/122750.510:WARNING:dns_config_service_win.cc(669)] Failed to read DnsConfig.
[0509/122752.609:WARNING:dns_config_service_win.cc(669)] Failed to read DnsConfig.
[0509/122755.513:WARNING:dns_config_service_win.cc(669)] Failed to read DnsConfig.
[0509/122757.612:WARNING:dns_config_service_win.cc(669)] Failed to read DnsConfig.
[0509/122800.517:WARNING:dns_config_service_win.cc(669)] Failed to read DnsConfig.
[0509/122802.615:WARNING:dns_config_service_win.cc(669)] Failed to read DnsConfig.
[0509/122805.520:WARNING:dns_config_service_win.cc(669)] Failed to read DnsConfig.
[0509/122807.618:WARNING:dns_config_service_win.cc(669)] Failed to read DnsConfig.
[0509/122810.524:WARNING:dns_config_service_win.cc(669)] Failed to read DnsConfig.
[0509/122812.621:WARNING:dns_config_service_win.cc(669)] Failed to read DnsConfig.
[0509/122815.525:WARNING:dns_config_service_win.cc(669)] Failed to read DnsConfig.
[0509/122817.624:WARNING:dns_config_service_win.cc(669)] Failed to read DnsConfig.
[0509/122820.530:WARNING:dns_config_service_win.cc(669)] Failed to read DnsConfig.
[0509/122822.627:WARNING:dns_config_service_win.cc(669)] Failed to read DnsConfig.
[0509/122825.537:WARNING:dns_config_service_win.cc(669)] Failed to read DnsConfig.
[0509/122827.638:WARNING:dns_config_service_win.cc(669)] Failed to read DnsConfig.
[0509/122830.548:WARNING:dns_config_service_win.cc(669)] Failed to read DnsConfig.
[0509/122832.648:WARNING:dns_config_service_win.cc(669)] Failed to read DnsConfig.
[0509/122835.558:WARNING:dns_config_service_win.cc(669)] Failed to read DnsConfig.
[0509/122837.658:WARNING:dns_config_service_win.cc(669)] Failed to read DnsConfig.
[0509/122840.561:WARNING:dns_config_service_win.cc(669)] Failed to read DnsConfig.
[0509/122844.254:VERBOSE1:logging_network_change_observer.cc(85)] Observed a change to the network IP addresses
[0509/122845.256:VERBOSE1:logging_network_change_observer.cc(95)] Observed a change to network connectivity state CONNECTION_WIFI
[0509/122846.757:VERBOSE1:logging_network_change_observer.cc(108)] Observed a network change to state CONNECTION_NONE
[0509/122846.757:VERBOSE1:logging_network_change_observer.cc(108)] Observed a network change to state CONNECTION_WIFI
[0509/123153.350:VERBOSE1:logging_network_change_observer.cc(85)] Observed a change to the network IP addresses
[0509/123153.396:WARNING:dns_config_service_win.cc(669)] Failed to read DnsConfig.
[0509/123154.344:VERBOSE1:logging_network_change_observer.cc(95)] Observed a change to network connectivity state CONNECTION_NONE
[0509/123154.845:VERBOSE1:logging_network_change_observer.cc(108)] Observed a network change to state CONNECTION_NONE
[0509/123156.341:WARNING:dns_config_service_win.cc(669)] Failed to read DnsConfig.
[0509/123158.399:WARNING:dns_config_service_win.cc(669)] Failed to read DnsConfig.
[0509/123201.351:WARNING:dns_config_service_win.cc(669)] Failed to read DnsConfig.
[0509/123203.406:WARNING:dns_config_service_win.cc(669)] Failed to read DnsConfig.
[0509/123206.361:WARNING:dns_config_service_win.cc(669)] Failed to read DnsConfig.
[0509/123208.417:WARNING:dns_config_service_win.cc(669)] Failed to read DnsConfig.
[0509/123211.364:WARNING:dns_config_service_win.cc(669)] Failed to read DnsConfig.
[0509/123213.422:WARNING:dns_config_service_win.cc(669)] Failed to read DnsConfig.
[0509/123216.375:WARNING:dns_config_service_win.cc(669)] Failed to read DnsConfig.
[0509/123218.428:WARNING:dns_config_service_win.cc(669)] Failed to read DnsConfig.
[0509/123221.385:WARNING:dns_config_service_win.cc(669)] Failed to read DnsConfig.
[0509/123223.432:WARNING:dns_config_service_win.cc(669)] Failed to read DnsConfig.
[0509/123226.394:WARNING:dns_config_service_win.cc(669)] Failed to read DnsConfig.
[0509/123228.339:VERBOSE1:logging_network_change_observer.cc(85)] Observed a change to the network IP addresses
[0509/123228.373:VERBOSE1:logging_network_change_observer.cc(85)] Observed a change to the network IP addresses
[0509/123228.409:VERBOSE1:logging_network_change_observer.cc(85)] Observed a change to the network IP addresses
[0509/123228.434:WARNING:dns_config_service_win.cc(669)] Failed to read DnsConfig.
[0509/123231.401:WARNING:dns_config_service_win.cc(669)] Failed to read DnsConfig.
[0509/123233.444:WARNING:dns_config_service_win.cc(669)] Failed to read DnsConfig.
[0509/123235.220:VERBOSE1:logging_network_change_observer.cc(85)] Observed a change to the network IP addresses
[0509/123236.409:WARNING:dns_config_service_win.cc(669)] Failed to read DnsConfig.
[0509/123238.451:WARNING:dns_config_service_win.cc(669)] Failed to read DnsConfig.
[0509/123238.724:VERBOSE1:logging_network_change_observer.cc(85)] Observed a change to the network IP addresses
[0509/123241.418:WARNING:dns_config_service_win.cc(669)] Failed to read DnsConfig.
[0509/123243.224:VERBOSE1:logging_network_change_observer.cc(85)] Observed a change to the network IP addresses
[0509/123243.461:WARNING:dns_config_service_win.cc(669)] Failed to read DnsConfig.
[0509/123246.423:WARNING:dns_config_service_win.cc(669)] Failed to read DnsConfig.
[0509/123248.467:WARNING:dns_config_service_win.cc(669)] Failed to read DnsConfig.
[0509/123251.430:WARNING:dns_config_service_win.cc(669)] Failed to read DnsConfig.
[0509/123253.476:WARNING:dns_config_service_win.cc(669)] Failed to read DnsConfig.
[0509/123256.437:WARNING:dns_config_service_win.cc(669)] Failed to read DnsConfig.
[0509/123258.479:WARNING:dns_config_service_win.cc(669)] Failed to read DnsConfig.
[0509/123301.447:WARNING:dns_config_service_win.cc(669)] Failed to read DnsConfig.
[0509/123303.486:WARNING:dns_config_service_win.cc(669)] Failed to read DnsConfig.
[0509/123304.285:VERBOSE1:logging_network_change_observer.cc(95)] Observed a change to network connectivity state CONNECTION_NONE
[0509/123306.458:WARNING:dns_config_service_win.cc(669)] Failed to read DnsConfig.
[0509/123308.492:WARNING:dns_config_service_win.cc(669)] Failed to read DnsConfig.
[0509/123311.467:WARNING:dns_config_service_win.cc(669)] Failed to read DnsConfig.
[0509/123313.498:WARNING:dns_config_service_win.cc(669)] Failed to read DnsConfig.
[0509/123316.471:WARNING:dns_config_service_win.cc(669)] Failed to read DnsConfig.
[0509/123318.507:WARNING:dns_config_service_win.cc(669)] Failed to read DnsConfig.
[0509/123321.477:WARNING:dns_config_service_win.cc(669)] Failed to read DnsConfig.
[0509/123323.513:WARNING:dns_config_service_win.cc(669)] Failed to read DnsConfig.
[0509/123326.484:WARNING:dns_config_service_win.cc(669)] Failed to read DnsConfig.
[0509/123328.519:WARNING:dns_config_service_win.cc(669)] Failed to read DnsConfig.
[0509/123331.494:WARNING:dns_config_service_win.cc(669)] Failed to read DnsConfig.
[0509/123333.523:WARNING:dns_config_service_win.cc(669)] Failed to read DnsConfig.
[0509/123336.497:WARNING:dns_config_service_win.cc(669)] Failed to read DnsConfig.
[0509/123338.527:WARNING:dns_config_service_win.cc(669)] Failed to read DnsConfig.
[0509/123341.500:WARNING:dns_config_service_win.cc(669)] Failed to read DnsConfig.
[0509/123343.530:WARNING:dns_config_service_win.cc(669)] Failed to read DnsConfig.
[0509/123346.503:WARNING:dns_config_service_win.cc(669)] Failed to read DnsConfig.
[0509/123348.533:WARNING:dns_config_service_win.cc(669)] Failed to read DnsConfig.
[0509/123351.507:WARNING:dns_config_service_win.cc(669)] Failed to read DnsConfig.
[0509/123353.537:WARNING:dns_config_service_win.cc(669)] Failed to read DnsConfig.
[0509/123356.510:WARNING:dns_config_service_win.cc(669)] Failed to read DnsConfig.
[0509/123358.539:WARNING:dns_config_service_win.cc(669)] Failed to read DnsConfig.
[0509/123401.513:WARNING:dns_config_service_win.cc(669)] Failed to read DnsConfig.
[0509/123403.543:WARNING:dns_config_service_win.cc(669)] Failed to read DnsConfig.
[0509/123406.515:WARNING:dns_config_service_win.cc(669)] Failed to read DnsConfig.
[0509/123408.546:WARNING:dns_config_service_win.cc(669)] Failed to read DnsConfig.
[0509/123411.518:WARNING:dns_config_service_win.cc(669)] Failed to read DnsConfig.
[0509/123413.549:WARNING:dns_config_service_win.cc(669)] Failed to read DnsConfig.
[0509/123416.522:WARNING:dns_config_service_win.cc(669)] Failed to read DnsConfig.
[0509/123418.552:WARNING:dns_config_service_win.cc(669)] Failed to read DnsConfig.
[0509/123421.525:WARNING:dns_config_service_win.cc(669)] Failed to read DnsConfig.
[0509/123423.555:WARNING:dns_config_service_win.cc(669)] Failed to read DnsConfig.
[0509/123426.528:WARNING:dns_config_service_win.cc(669)] Failed to read DnsConfig.
[0509/123428.558:WARNING:dns_config_service_win.cc(669)] Failed to read DnsConfig.
[0509/123431.531:WARNING:dns_config_service_win.cc(669)] Failed to read DnsConfig.
[0509/123433.562:WARNING:dns_config_service_win.cc(669)] Failed to read DnsConfig.
[0509/123436.534:WARNING:dns_config_service_win.cc(669)] Failed to read DnsConfig.
[0509/123438.564:WARNING:dns_config_service_win.cc(669)] Failed to read DnsConfig.
[0509/123441.538:WARNING:dns_config_service_win.cc(669)] Failed to read DnsConfig.
[0509/123443.567:WARNING:dns_config_service_win.cc(669)] Failed to read DnsConfig.
[0509/123444.896:VERBOSE1:logging_network_change_observer.cc(85)] Observed a change to the network IP addresses
[0509/123445.898:VERBOSE1:logging_network_change_observer.cc(95)] Observed a change to network connectivity state CONNECTION_WIFI
[0509/123447.399:VERBOSE1:logging_network_change_observer.cc(108)] Observed a network change to state CONNECTION_NONE
[0509/123447.399:VERBOSE1:logging_network_change_observer.cc(108)] Observed a network change to state CONNECTION_WIFI
[0509/123448.229:VERBOSE1:logging_network_change_observer.cc(85)] Observed a change to the network IP addresses
[0509/123449.232:VERBOSE1:logging_network_change_observer.cc(95)] Observed a change to network connectivity state CONNECTION_WIFI
[0509/123449.734:VERBOSE1:logging_network_change_observer.cc(108)] Observed a network change to state CONNECTION_NONE
[0509/123449.734:VERBOSE1:logging_network_change_observer.cc(108)] Observed a network change to state CONNECTION_WIFI
[0509/140726.745:VERBOSE1:logging_network_change_observer.cc(85)] Observed a change to the network IP addresses
[0509/140727.749:VERBOSE1:logging_network_change_observer.cc(95)] Observed a change to network connectivity state CONNECTION_WIFI
[0509/140728.251:VERBOSE1:logging_network_change_observer.cc(108)] Observed a network change to state CONNECTION_NONE
[0509/140728.252:VERBOSE1:logging_network_change_observer.cc(108)] Observed a network change to state CONNECTION_WIFI
[0509/140914.742:VERBOSE1:logging_network_change_observer.cc(85)] Observed a change to the network IP addresses
[0509/140915.750:VERBOSE1:logging_network_change_observer.cc(95)] Observed a change to network connectivity state CONNECTION_WIFI
[0509/140916.252:VERBOSE1:logging_network_change_observer.cc(108)] Observed a network change to state CONNECTION_NONE
[0509/140916.252:VERBOSE1:logging_network_change_observer.cc(108)] Observed a network change to state CONNECTION_WIFI
[0509/141012.664:VERBOSE1:logging_network_change_observer.cc(85)] Observed a change to the network IP addresses
[0509/141012.702:VERBOSE1:logging_network_change_observer.cc(85)] Observed a change to the network IP addresses
[0509/141012.805:VERBOSE1:logging_network_change_observer.cc(85)] Observed a change to the network IP addresses
[0509/141012.922:WARNING:dns_config_service_win.cc(669)] Failed to read DnsConfig.
[0509/141012.948:WARNING:dns_config_service_win.cc(669)] Failed to read DnsConfig.
[0509/141013.792:VERBOSE1:logging_network_change_observer.cc(95)] Observed a change to network connectivity state CONNECTION_NONE
[0509/141014.292:VERBOSE1:logging_network_change_observer.cc(108)] Observed a network change to state CONNECTION_NONE
[0509/141015.777:WARNING:dns_config_service_win.cc(669)] Failed to read DnsConfig.
[0509/141016.519:WARNING:dns_config_service_win.cc(669)] Failed to read DnsConfig.
[0509/141016.528:WARNING:dns_config_service_win.cc(669)] Failed to read DnsConfig.
[0509/141017.926:WARNING:dns_config_service_win.cc(669)] Failed to read DnsConfig.
[0509/141017.951:WARNING:dns_config_service_win.cc(669)] Failed to read DnsConfig.
[0509/141019.742:VERBOSE1:logging_network_change_observer.cc(85)] Observed a change to the network IP addresses
[0509/141020.780:WARNING:dns_config_service_win.cc(669)] Failed to read DnsConfig.
[0509/141021.521:WARNING:dns_config_service_win.cc(669)] Failed to read DnsConfig.
[0509/141021.531:WARNING:dns_config_service_win.cc(669)] Failed to read DnsConfig.
[0509/141022.928:WARNING:dns_config_service_win.cc(669)] Failed to read DnsConfig.
[0509/141022.954:WARNING:dns_config_service_win.cc(669)] Failed to read DnsConfig.
[0509/141023.238:VERBOSE1:logging_network_change_observer.cc(85)] Observed a change to the network IP addresses
[0509/141023.740:VERBOSE1:logging_network_change_observer.cc(85)] Observed a change to the network IP addresses
[0509/141025.788:WARNING:dns_config_service_win.cc(669)] Failed to read DnsConfig.
[0509/141026.532:WARNING:dns_config_service_win.cc(669)] Failed to read DnsConfig.
[0509/141026.536:WARNING:dns_config_service_win.cc(669)] Failed to read DnsConfig.
[0509/141027.933:WARNING:dns_config_service_win.cc(669)] Failed to read DnsConfig.
[0509/141027.960:WARNING:dns_config_service_win.cc(669)] Failed to read DnsConfig.
[0509/141030.790:WARNING:dns_config_service_win.cc(669)] Failed to read DnsConfig.
[0509/141031.545:WARNING:dns_config_service_win.cc(669)] Failed to read DnsConfig.
[0509/141032.936:WARNING:dns_config_service_win.cc(669)] Failed to read DnsConfig.
[0509/141032.963:WARNING:dns_config_service_win.cc(669)] Failed to read DnsConfig.
[0509/141035.796:WARNING:dns_config_service_win.cc(669)] Failed to read DnsConfig.
[0509/141036.555:WARNING:dns_config_service_win.cc(669)] Failed to read DnsConfig.
[0509/141037.940:WARNING:dns_config_service_win.cc(669)] Failed to read DnsConfig.
[0509/141037.967:WARNING:dns_config_service_win.cc(669)] Failed to read DnsConfig.
[0509/141040.805:WARNING:dns_config_service_win.cc(669)] Failed to read DnsConfig.
[0509/141041.567:WARNING:dns_config_service_win.cc(669)] Failed to read DnsConfig.
[0509/141042.942:WARNING:dns_config_service_win.cc(669)] Failed to read DnsConfig.
[0509/141042.974:WARNING:dns_config_service_win.cc(669)] Failed to read DnsConfig.
[0509/141044.829:VERBOSE1:logging_network_change_observer.cc(95)] Observed a change to network connectivity state CONNECTION_NONE
[0509/141045.816:WARNING:dns_config_service_win.cc(669)] Failed to read DnsConfig.
[0509/141046.578:WARNING:dns_config_service_win.cc(669)] Failed to read DnsConfig.
[0509/141047.944:WARNING:dns_config_service_win.cc(669)] Failed to read DnsConfig.
[0509/141047.978:WARNING:dns_config_service_win.cc(669)] Failed to read DnsConfig.
[0509/141050.820:WARNING:dns_config_service_win.cc(669)] Failed to read DnsConfig.
[0509/141051.585:WARNING:dns_config_service_win.cc(669)] Failed to read DnsConfig.
[0509/141052.955:WARNING:dns_config_service_win.cc(669)] Failed to read DnsConfig.
[0509/141052.981:WARNING:dns_config_service_win.cc(669)] Failed to read DnsConfig.
[0509/141055.826:WARNING:dns_config_service_win.cc(669)] Failed to read DnsConfig.
[0509/141056.593:WARNING:dns_config_service_win.cc(669)] Failed to read DnsConfig.
[0509/141057.957:WARNING:dns_config_service_win.cc(669)] Failed to read DnsConfig.
[0509/141057.985:WARNING:dns_config_service_win.cc(669)] Failed to read DnsConfig.
[0509/141100.831:WARNING:dns_config_service_win.cc(669)] Failed to read DnsConfig.
[0509/141101.603:WARNING:dns_config_service_win.cc(669)] Failed to read DnsConfig.
[0509/141102.962:WARNING:dns_config_service_win.cc(669)] Failed to read DnsConfig.
[0509/141102.989:WARNING:dns_config_service_win.cc(669)] Failed to read DnsConfig.
[0509/141105.833:WARNING:dns_config_service_win.cc(669)] Failed to read DnsConfig.
[0509/141106.610:WARNING:dns_config_service_win.cc(669)] Failed to read DnsConfig.
[0509/141107.965:WARNING:dns_config_service_win.cc(669)] Failed to read DnsConfig.
[0509/141107.995:WARNING:dns_config_service_win.cc(669)] Failed to read DnsConfig.
[0509/141110.841:WARNING:dns_config_service_win.cc(669)] Failed to read DnsConfig.
[0509/141111.620:WARNING:dns_config_service_win.cc(669)] Failed to read DnsConfig.
[0509/141112.968:WARNING:dns_config_service_win.cc(669)] Failed to read DnsConfig.
[0509/141112.998:WARNING:dns_config_service_win.cc(669)] Failed to read DnsConfig.
[0509/141115.849:WARNING:dns_config_service_win.cc(669)] Failed to read DnsConfig.
[0509/141116.624:WARNING:dns_config_service_win.cc(669)] Failed to read DnsConfig.
[0509/141117.972:WARNING:dns_config_service_win.cc(669)] Failed to read DnsConfig.
[0509/141118.002:WARNING:dns_config_service_win.cc(669)] Failed to read DnsConfig.
[0509/141120.856:WARNING:dns_config_service_win.cc(669)] Failed to read DnsConfig.
[0509/141121.627:WARNING:dns_config_service_win.cc(669)] Failed to read DnsConfig.
[0509/141122.975:WARNING:dns_config_service_win.cc(669)] Failed to read DnsConfig.
[0509/141123.007:WARNING:dns_config_service_win.cc(669)] Failed to read DnsConfig.
[0509/141125.862:WARNING:dns_config_service_win.cc(669)] Failed to read DnsConfig.
[0509/141126.629:WARNING:dns_config_service_win.cc(669)] Failed to read DnsConfig.
[0509/141127.979:WARNING:dns_config_service_win.cc(669)] Failed to read DnsConfig.
[0509/141128.010:WARNING:dns_config_service_win.cc(669)] Failed to read DnsConfig.
[0509/141130.869:WARNING:dns_config_service_win.cc(669)] Failed to read DnsConfig.
[0509/141131.635:WARNING:dns_config_service_win.cc(669)] Failed to read DnsConfig.
[0509/141132.983:WARNING:dns_config_service_win.cc(669)] Failed to read DnsConfig.
[0509/141133.018:WARNING:dns_config_service_win.cc(669)] Failed to read DnsConfig.
[0509/141135.876:WARNING:dns_config_service_win.cc(669)] Failed to read DnsConfig.
[0509/141136.642:WARNING:dns_config_service_win.cc(669)] Failed to read DnsConfig.
[0509/141137.986:WARNING:dns_config_service_win.cc(669)] Failed to read DnsConfig.
[0509/141138.022:WARNING:dns_config_service_win.cc(669)] Failed to read DnsConfig.
[0509/141140.885:WARNING:dns_config_service_win.cc(669)] Failed to read DnsConfig.
[0509/141141.647:WARNING:dns_config_service_win.cc(669)] Failed to read DnsConfig.
[0509/141142.996:WARNING:dns_config_service_win.cc(669)] Failed to read DnsConfig.
[0509/141143.027:WARNING:dns_config_service_win.cc(669)] Failed to read DnsConfig.
[0509/141145.895:WARNING:dns_config_service_win.cc(669)] Failed to read DnsConfig.
[0509/141146.655:WARNING:dns_config_service_win.cc(669)] Failed to read DnsConfig.
[0509/141148.001:WARNING:dns_config_service_win.cc(669)] Failed to read DnsConfig.
[0509/141148.031:WARNING:dns_config_service_win.cc(669)] Failed to read DnsConfig.
[0509/141150.898:WARNING:dns_config_service_win.cc(669)] Failed to read DnsConfig.
[0509/141151.662:WARNING:dns_config_service_win.cc(669)] Failed to read DnsConfig.
[0509/141153.009:WARNING:dns_config_service_win.cc(669)] Failed to read DnsConfig.
[0509/141153.034:WARNING:dns_config_service_win.cc(669)] Failed to read DnsConfig.
[0509/141155.903:WARNING:dns_config_service_win.cc(669)] Failed to read DnsConfig.
[0509/141156.668:WARNING:dns_config_service_win.cc(669)] Failed to read DnsConfig.
[0509/141158.018:WARNING:dns_config_service_win.cc(669)] Failed to read DnsConfig.
[0509/141158.043:WARNING:dns_config_service_win.cc(669)] Failed to read DnsConfig.
[0509/141200.908:WARNING:dns_config_service_win.cc(669)] Failed to read DnsConfig.
[0509/141201.674:WARNING:dns_config_service_win.cc(669)] Failed to read DnsConfig.
[0509/141203.028:WARNING:dns_config_service_win.cc(669)] Failed to read DnsConfig.
[0509/141203.053:WARNING:dns_config_service_win.cc(669)] Failed to read DnsConfig.
[0509/141205.918:WARNING:dns_config_service_win.cc(669)] Failed to read DnsConfig.
[0509/141206.684:WARNING:dns_config_service_win.cc(669)] Failed to read DnsConfig.
[0509/141208.034:WARNING:dns_config_service_win.cc(669)] Failed to read DnsConfig.
[0509/141208.061:WARNING:dns_config_service_win.cc(669)] Failed to read DnsConfig.
[0509/141210.927:WARNING:dns_config_service_win.cc(669)] Failed to read DnsConfig.
[0509/141211.690:WARNING:dns_config_service_win.cc(669)] Failed to read DnsConfig.
[0509/141213.038:WARNING:dns_config_service_win.cc(669)] Failed to read DnsConfig.
[0509/141213.064:WARNING:dns_config_service_win.cc(669)] Failed to read DnsConfig.
[0509/141215.935:WARNING:dns_config_service_win.cc(669)] Failed to read DnsConfig.
[0509/141216.699:WARNING:dns_config_service_win.cc(669)] Failed to read DnsConfig.
[0509/141218.041:WARNING:dns_config_service_win.cc(669)] Failed to read DnsConfig.
[0509/141218.072:WARNING:dns_config_service_win.cc(669)] Failed to read DnsConfig.
[0509/141220.938:WARNING:dns_config_service_win.cc(669)] Failed to read DnsConfig.
[0509/141221.709:WARNING:dns_config_service_win.cc(669)] Failed to read DnsConfig.
[0509/141223.050:WARNING:dns_config_service_win.cc(669)] Failed to read DnsConfig.
[0509/141223.081:WARNING:dns_config_service_win.cc(669)] Failed to read DnsConfig.
[0509/141225.944:WARNING:dns_config_service_win.cc(669)] Failed to read DnsConfig.
[0509/141226.100:WARNING:dns_config_service_win.cc(669)] Failed to read DnsConfig.
[0509/141226.113:WARNING:dns_config_service_win.cc(669)] Failed to read DnsConfig.
[0509/141226.274:VERBOSE1:logging_network_change_observer.cc(85)] Observed a change to the network IP addresses
[0509/141226.280:VERBOSE1:logging_network_change_observer.cc(85)] Observed a change to the network IP addresses
[0509/141227.280:VERBOSE1:logging_network_change_observer.cc(95)] Observed a change to network connectivity state CONNECTION_WIFI
[0509/141228.781:VERBOSE1:logging_network_change_observer.cc(108)] Observed a network change to state CONNECTION_NONE
[0509/141228.781:VERBOSE1:logging_network_change_observer.cc(108)] Observed a network change to state CONNECTION_WIFI
[0509/141229.747:VERBOSE1:logging_network_change_observer.cc(85)] Observed a change to the network IP addresses
[0509/141230.752:VERBOSE1:logging_network_change_observer.cc(95)] Observed a change to network connectivity state CONNECTION_WIFI
[0509/141231.255:VERBOSE1:logging_network_change_observer.cc(108)] Observed a network change to state CONNECTION_NONE
[0509/141231.255:VERBOSE1:logging_network_change_observer.cc(108)] Observed a network change to state CONNECTION_WIFI
[0509/141253.246:VERBOSE1:logging_network_change_observer.cc(85)] Observed a change to the network IP addresses
[0509/141254.252:VERBOSE1:logging_network_change_observer.cc(95)] Observed a change to network connectivity state CONNECTION_WIFI
[0509/141254.752:VERBOSE1:logging_network_change_observer.cc(108)] Observed a network change to state CONNECTION_NONE
[0509/141254.752:VERBOSE1:logging_network_change_observer.cc(108)] Observed a network change to state CONNECTION_WIFI
[0509/141401.630:VERBOSE1:logging_network_change_observer.cc(85)] Observed a change to the network IP addresses
[0509/141401.682:WARNING:dns_config_service_win.cc(669)] Failed to read DnsConfig.
[0509/141402.626:VERBOSE1:logging_network_change_observer.cc(95)] Observed a change to network connectivity state CONNECTION_NONE
[0509/141403.127:VERBOSE1:logging_network_change_observer.cc(108)] Observed a network change to state CONNECTION_NONE
[0509/141404.609:WARNING:dns_config_service_win.cc(669)] Failed to read DnsConfig.
[0509/141406.689:WARNING:dns_config_service_win.cc(669)] Failed to read DnsConfig.
[0509/141409.619:WARNING:dns_config_service_win.cc(669)] Failed to read DnsConfig.
[0509/141411.693:WARNING:dns_config_service_win.cc(669)] Failed to read DnsConfig.
[0509/141414.622:WARNING:dns_config_service_win.cc(669)] Failed to read DnsConfig.
[0509/141416.696:WARNING:dns_config_service_win.cc(669)] Failed to read DnsConfig.
[0509/141419.625:WARNING:dns_config_service_win.cc(669)] Failed to read DnsConfig.
[0509/141421.706:WARNING:dns_config_service_win.cc(669)] Failed to read DnsConfig.
[0509/141424.635:WARNING:dns_config_service_win.cc(669)] Failed to read DnsConfig.
[0509/141426.712:WARNING:dns_config_service_win.cc(669)] Failed to read DnsConfig.
[0509/141429.638:WARNING:dns_config_service_win.cc(669)] Failed to read DnsConfig.
[0509/141431.721:WARNING:dns_config_service_win.cc(669)] Failed to read DnsConfig.
[0509/141434.643:WARNING:dns_config_service_win.cc(669)] Failed to read DnsConfig.
[0509/141436.731:WARNING:dns_config_service_win.cc(669)] Failed to read DnsConfig.
[0509/141439.647:WARNING:dns_config_service_win.cc(669)] Failed to read DnsConfig.
[0509/141441.736:WARNING:dns_config_service_win.cc(669)] Failed to read DnsConfig.
[0509/141444.656:WARNING:dns_config_service_win.cc(669)] Failed to read DnsConfig.
[0509/141446.742:WARNING:dns_config_service_win.cc(669)] Failed to read DnsConfig.
[0509/141449.666:WARNING:dns_config_service_win.cc(669)] Failed to read DnsConfig.
[0509/141451.753:WARNING:dns_config_service_win.cc(669)] Failed to read DnsConfig.
[0509/141454.669:WARNING:dns_config_service_win.cc(669)] Failed to read DnsConfig.
[0509/141456.763:WARNING:dns_config_service_win.cc(669)] Failed to read DnsConfig.
[0509/141459.676:WARNING:dns_config_service_win.cc(669)] Failed to read DnsConfig.
[0509/141501.767:WARNING:dns_config_service_win.cc(669)] Failed to read DnsConfig.
[0509/141504.686:WARNING:dns_config_service_win.cc(669)] Failed to read DnsConfig.
[0509/141506.774:WARNING:dns_config_service_win.cc(669)] Failed to read DnsConfig.
[0509/141511.267:VERBOSE1:logging_network_change_observer.cc(85)] Observed a change to the network IP addresses
[0509/141512.269:VERBOSE1:logging_network_change_observer.cc(95)] Observed a change to network connectivity state CONNECTION_WIFI
[0509/141513.770:VERBOSE1:logging_network_change_observer.cc(108)] Observed a network change to state CONNECTION_NONE
[0509/141513.770:VERBOSE1:logging_network_change_observer.cc(108)] Observed a network change to state CONNECTION_WIFI
[0509/232850.668:VERBOSE1:logging_network_change_observer.cc(85)] Observed a change to the network IP addresses
[0509/232851.673:VERBOSE1:logging_network_change_observer.cc(95)] Observed a change to network connectivity state CONNECTION_NONE
[0509/232852.178:VERBOSE1:logging_network_change_observer.cc(108)] Observed a network change to state CONNECTION_NONE
[0514/092921.890:VERBOSE1:logging_network_change_observer.cc(85)] Observed a change to the network IP addresses
[0514/092921.907:VERBOSE1:logging_network_change_observer.cc(85)] Observed a change to the network IP addresses
[0514/092923.164:WARNING:dns_config_service_win.cc(669)] Failed to read DnsConfig.
[0514/092924.284:VERBOSE1:logging_network_change_observer.cc(95)] Observed a change to network connectivity state CONNECTION_WIFI
[0514/092925.800:VERBOSE1:logging_network_change_observer.cc(108)] Observed a network change to state CONNECTION_NONE
[0514/092925.800:VERBOSE1:logging_network_change_observer.cc(108)] Observed a network change to state CONNECTION_WIFI
[0514/092930.480:VERBOSE1:logging_network_change_observer.cc(85)] Observed a change to the network IP addresses
[0514/092931.487:VERBOSE1:logging_network_change_observer.cc(95)] Observed a change to network connectivity state CONNECTION_WIFI
[0514/092931.987:VERBOSE1:logging_network_change_observer.cc(108)] Observed a network change to state CONNECTION_NONE
[0514/092931.987:VERBOSE1:logging_network_change_observer.cc(108)] Observed a network change to state CONNECTION_WIFI
[0514/092933.974:VERBOSE1:logging_network_change_observer.cc(85)] Observed a change to the network IP addresses
[0514/092934.981:VERBOSE1:logging_network_change_observer.cc(95)] Observed a change to network connectivity state CONNECTION_WIFI
[0514/092935.484:VERBOSE1:logging_network_change_observer.cc(108)] Observed a network change to state CONNECTION_NONE
[0514/092935.484:VERBOSE1:logging_network_change_observer.cc(108)] Observed a network change to state CONNECTION_WIFI
[0514/092937.418:VERBOSE1:logging_network_change_observer.cc(85)] Observed a change to the network IP addresses
[0514/092938.420:VERBOSE1:logging_network_change_observer.cc(95)] Observed a change to network connectivity state CONNECTION_WIFI
[0514/092938.921:VERBOSE1:logging_network_change_observer.cc(108)] Observed a network change to state CONNECTION_NONE
[0514/092938.921:VERBOSE1:logging_network_change_observer.cc(108)] Observed a network change to state CONNECTION_WIFI
[0514/092940.470:VERBOSE1:logging_network_change_observer.cc(85)] Observed a change to the network IP addresses
[0514/092941.483:VERBOSE1:logging_network_change_observer.cc(95)] Observed a change to network connectivity state CONNECTION_WIFI
[0514/092941.985:VERBOSE1:logging_network_change_observer.cc(108)] Observed a network change to state CONNECTION_NONE
[0514/092941.985:VERBOSE1:logging_network_change_observer.cc(108)] Observed a network change to state CONNECTION_WIFI
[0514/110101.491:VERBOSE1:logging_network_change_observer.cc(85)] Observed a change to the network IP addresses
[0514/110102.510:VERBOSE1:logging_network_change_observer.cc(95)] Observed a change to network connectivity state CONNECTION_NONE
[0514/110103.011:VERBOSE1:logging_network_change_observer.cc(108)] Observed a network change to state CONNECTION_NONE
[0514/110106.262:VERBOSE1:logging_network_change_observer.cc(85)] Observed a change to the network IP addresses
[0514/110107.266:VERBOSE1:logging_network_change_observer.cc(95)] Observed a change to network connectivity state CONNECTION_WIFI
[0514/110108.766:VERBOSE1:logging_network_change_observer.cc(108)] Observed a network change to state CONNECTION_NONE
[0514/110108.766:VERBOSE1:logging_network_change_observer.cc(108)] Observed a network change to state CONNECTION_WIFI
[0514/121315.548:VERBOSE1:logging_network_change_observer.cc(85)] Observed a change to the network IP addresses
[0514/121316.517:VERBOSE1:logging_network_change_observer.cc(95)] Observed a change to network connectivity state CONNECTION_NONE
[0514/121317.016:VERBOSE1:logging_network_change_observer.cc(108)] Observed a network change to state CONNECTION_NONE
[0514/121320.911:VERBOSE1:logging_network_change_observer.cc(85)] Observed a change to the network IP addresses
[0514/121321.916:VERBOSE1:logging_network_change_observer.cc(95)] Observed a change to network connectivity state CONNECTION_WIFI
[0514/121323.422:VERBOSE1:logging_network_change_observer.cc(108)] Observed a network change to state CONNECTION_NONE
[0514/121323.422:VERBOSE1:logging_network_change_observer.cc(108)] Observed a network change to state CONNECTION_WIFI
[0514/205646.684:VERBOSE1:logging_network_change_observer.cc(85)] Observed a change to the network IP addresses
[0514/205647.714:VERBOSE1:logging_network_change_observer.cc(95)] Observed a change to network connectivity state CONNECTION_NONE
[0514/205648.219:VERBOSE1:logging_network_change_observer.cc(108)] Observed a network change to state CONNECTION_NONE
[0515/101647.827:VERBOSE1:logging_network_change_observer.cc(85)] Observed a change to the network IP addresses
[0515/101649.000:VERBOSE1:logging_network_change_observer.cc(85)] Observed a change to the network IP addresses
[0515/101649.213:WARNING:dns_config_service_win.cc(669)] Failed to read DnsConfig.
[0515/101649.244:WARNING:dns_config_service_win.cc(669)] Failed to read DnsConfig.
[0515/101650.332:VERBOSE1:logging_network_change_observer.cc(95)] Observed a change to network connectivity state CONNECTION_WIFI
[0515/101651.525:VERBOSE1:logging_network_change_observer.cc(85)] Observed a change to the network IP addresses
[0515/101652.520:VERBOSE1:logging_network_change_observer.cc(95)] Observed a change to network connectivity state CONNECTION_WIFI
[0515/101652.885:VERBOSE1:logging_network_change_observer.cc(85)] Observed a change to the network IP addresses
[0515/101653.892:VERBOSE1:logging_network_change_observer.cc(95)] Observed a change to network connectivity state CONNECTION_WIFI
[0515/101655.394:VERBOSE1:logging_network_change_observer.cc(108)] Observed a network change to state CONNECTION_NONE
[0515/101655.394:VERBOSE1:logging_network_change_observer.cc(108)] Observed a network change to state CONNECTION_WIFI
[0515/203438.792:VERBOSE1:logging_network_change_observer.cc(85)] Observed a change to the network IP addresses
[0515/203439.808:VERBOSE1:logging_network_change_observer.cc(95)] Observed a change to network connectivity state CONNECTION_NONE
[0515/203440.314:VERBOSE1:logging_network_change_observer.cc(108)] Observed a network change to state CONNECTION_NONE
[0516/093728.775:VERBOSE1:logging_network_change_observer.cc(85)] Observed a change to the network IP addresses
[0516/093729.404:WARNING:dns_config_service_win.cc(669)] Failed to read DnsConfig.
[0516/093729.548:WARNING:dns_config_service_win.cc(669)] Failed to read DnsConfig.
[0516/093731.039:VERBOSE1:logging_network_change_observer.cc(95)] Observed a change to network connectivity state CONNECTION_WIFI
[0516/093732.531:VERBOSE1:logging_network_change_observer.cc(108)] Observed a network change to state CONNECTION_NONE
[0516/093732.531:VERBOSE1:logging_network_change_observer.cc(108)] Observed a network change to state CONNECTION_WIFI
[0516/093733.202:VERBOSE1:logging_network_change_observer.cc(85)] Observed a change to the network IP addresses
[0516/093734.194:VERBOSE1:logging_network_change_observer.cc(95)] Observed a change to network connectivity state CONNECTION_WIFI
[0516/093734.696:VERBOSE1:logging_network_change_observer.cc(108)] Observed a network change to state CONNECTION_NONE
[0516/093734.696:VERBOSE1:logging_network_change_observer.cc(108)] Observed a network change to state CONNECTION_WIFI
[0516/203107.669:VERBOSE1:logging_network_change_observer.cc(85)] Observed a change to the network IP addresses
[0516/203108.673:VERBOSE1:logging_network_change_observer.cc(95)] Observed a change to network connectivity state CONNECTION_NONE
[0516/203109.175:VERBOSE1:logging_network_change_observer.cc(108)] Observed a network change to state CONNECTION_NONE
[0517/095148.346:VERBOSE1:logging_network_change_observer.cc(85)] Observed a change to the network IP addresses
[0517/095149.349:VERBOSE1:logging_network_change_observer.cc(95)] Observed a change to network connectivity state CONNECTION_WIFI
[0517/095150.852:VERBOSE1:logging_network_change_observer.cc(108)] Observed a network change to state CONNECTION_NONE
[0517/095150.852:VERBOSE1:logging_network_change_observer.cc(108)] Observed a network change to state CONNECTION_WIFI
[0517/165604.217:VERBOSE1:logging_network_change_observer.cc(85)] Observed a change to the network IP addresses
[0517/165605.221:VERBOSE1:logging_network_change_observer.cc(95)] Observed a change to network connectivity state CONNECTION_WIFI
[0517/165605.723:VERBOSE1:logging_network_change_observer.cc(108)] Observed a network change to state CONNECTION_NONE
[0517/165605.723:VERBOSE1:logging_network_change_observer.cc(108)] Observed a network change to state CONNECTION_WIFI
[0517/165611.239:VERBOSE1:logging_network_change_observer.cc(85)] Observed a change to the network IP addresses
[0517/165612.246:VERBOSE1:logging_network_change_observer.cc(95)] Observed a change to network connectivity state CONNECTION_WIFI
[0517/165612.747:VERBOSE1:logging_network_change_observer.cc(108)] Observed a network change to state CONNECTION_NONE
[0517/165612.747:VERBOSE1:logging_network_change_observer.cc(108)] Observed a network change to state CONNECTION_WIFI
[0517/210627.799:VERBOSE1:logging_network_change_observer.cc(85)] Observed a change to the network IP addresses
[0517/210628.752:VERBOSE1:logging_network_change_observer.cc(95)] Observed a change to network connectivity state CONNECTION_NONE
[0517/210629.265:VERBOSE1:logging_network_change_observer.cc(108)] Observed a network change to state CONNECTION_NONE
[0520/122005.003:VERBOSE1:logging_network_change_observer.cc(85)] Observed a change to the network IP addresses
[0520/122005.636:VERBOSE1:logging_network_change_observer.cc(85)] Observed a change to the network IP addresses
[0520/122005.955:VERBOSE1:logging_network_change_observer.cc(85)] Observed a change to the network IP addresses
[0520/122006.000:VERBOSE1:logging_network_change_observer.cc(85)] Observed a change to the network IP addresses
[0520/122006.853:WARNING:dns_config_service_win.cc(669)] Failed to read DnsConfig.
[0520/122010.321:VERBOSE1:logging_network_change_observer.cc(95)] Observed a change to network connectivity state CONNECTION_WIFI
[0520/122011.821:VERBOSE1:logging_network_change_observer.cc(108)] Observed a network change to state CONNECTION_NONE
[0520/122011.821:VERBOSE1:logging_network_change_observer.cc(108)] Observed a network change to state CONNECTION_WIFI
[0520/122013.275:VERBOSE1:logging_network_change_observer.cc(85)] Observed a change to the network IP addresses
[0520/122014.279:VERBOSE1:logging_network_change_observer.cc(95)] Observed a change to network connectivity state CONNECTION_WIFI
[0520/122014.780:VERBOSE1:logging_network_change_observer.cc(108)] Observed a network change to state CONNECTION_NONE
[0520/122014.780:VERBOSE1:logging_network_change_observer.cc(108)] Observed a network change to state CONNECTION_WIFI
[0520/214818.695:VERBOSE1:logging_network_change_observer.cc(85)] Observed a change to the network IP addresses
[0520/214819.711:VERBOSE1:logging_network_change_observer.cc(95)] Observed a change to network connectivity state CONNECTION_NONE
[0520/214820.224:VERBOSE1:logging_network_change_observer.cc(108)] Observed a network change to state CONNECTION_NONE
[0521/095300.787:VERBOSE1:logging_network_change_observer.cc(85)] Observed a change to the network IP addresses
[0521/095301.845:VERBOSE1:logging_network_change_observer.cc(85)] Observed a change to the network IP addresses
[0521/095301.892:VERBOSE1:logging_network_change_observer.cc(85)] Observed a change to the network IP addresses
[0521/095302.579:WARNING:dns_config_service_win.cc(669)] Failed to read DnsConfig.
[0521/095307.596:WARNING:dns_config_service_win.cc(669)] Failed to read DnsConfig.
[0521/095310.588:VERBOSE1:logging_network_change_observer.cc(95)] Observed a change to network connectivity state CONNECTION_WIFI
[0521/095312.087:VERBOSE1:logging_network_change_observer.cc(108)] Observed a network change to state CONNECTION_NONE
[0521/095312.087:VERBOSE1:logging_network_change_observer.cc(108)] Observed a network change to state CONNECTION_WIFI
[0521/095313.733:VERBOSE1:logging_network_change_observer.cc(85)] Observed a change to the network IP addresses
[0521/095314.737:VERBOSE1:logging_network_change_observer.cc(95)] Observed a change to network connectivity state CONNECTION_WIFI
[0521/095315.239:VERBOSE1:logging_network_change_observer.cc(108)] Observed a network change to state CONNECTION_NONE
[0521/095315.239:VERBOSE1:logging_network_change_observer.cc(108)] Observed a network change to state CONNECTION_WIFI
