12-Aug-19 21:00:03 - INFO - main.py - <module>: Starting AutoKPI run.....
12-Aug-19 21:00:03 - DEBUG - main.py - main: Input Parms: {'JIRA': ['CFPD', 'IFD', 'CFD'], 'CDETS': ['PSIRT'], 'ACANO': ['ATC']}
12-Aug-19 21:00:03 - INFO - main.py - clear_kpi_output: Clear output directory...
12-Aug-19 21:00:03 - DEBUG - main.py - clear_kpi_output: ...deleting /home/fiona/kpi/pyout/PSIRT_CMM_Months.png
12-Aug-19 21:00:04 - DEBUG - main.py - clear_kpi_output: ...deleting /home/fiona/kpi/pyout/PSIRT_CMA_Months.png
12-Aug-19 21:00:05 - DEBUG - main.py - clear_kpi_output: ...deleting /home/fiona/kpi/pyout/CFPD_CMA_Months.png
12-Aug-19 21:00:06 - DEBUG - main.py - clear_kpi_output: ...deleting /home/fiona/kpi/pyout/PSIRT_CMS_Months.png
12-Aug-19 21:00:07 - DEBUG - main.py - clear_kpi_output: ...deleting /home/fiona/kpi/pyout/ATC_ClientPasses.png
12-Aug-19 21:00:08 - DEBUG - main.py - clear_kpi_output: ...deleting /home/fiona/kpi/pyout/ATC_%ServerPasses.png
12-Aug-19 21:00:09 - DEBUG - main.py - clear_kpi_output: ...deleting /home/fiona/kpi/pyout/ATC_%ClientPasses.png
12-Aug-19 21:00:10 - DEBUG - main.py - clear_kpi_output: ...deleting /home/fiona/kpi/pyout/IFD_CMS_FYQ.png
12-Aug-19 21:00:11 - DEBUG - main.py - clear_kpi_output: ...deleting /home/fiona/kpi/pyout/IFD_CMM_Months.png
12-Aug-19 21:00:12 - DEBUG - main.py - clear_kpi_output: ...deleting /home/fiona/kpi/pyout/IFD_CMM_FYQ.png
12-Aug-19 21:00:14 - DEBUG - main.py - clear_kpi_output: ...deleting /home/fiona/kpi/pyout/CFD_AllFYQ.png
12-Aug-19 21:00:15 - DEBUG - main.py - clear_kpi_output: ...deleting /home/fiona/kpi/pyout/CFD_CMA_Months.png
12-Aug-19 21:00:16 - DEBUG - main.py - clear_kpi_output: ...deleting /home/fiona/kpi/pyout/IFD_AllMonths.png
12-Aug-19 21:00:17 - DEBUG - main.py - clear_kpi_output: ...deleting /home/fiona/kpi/pyout/CFPD_AllMonths.png
12-Aug-19 21:00:18 - DEBUG - main.py - clear_kpi_output: ...deleting /home/fiona/kpi/pyout/IFD_CMS_Months.png
12-Aug-19 21:00:19 - DEBUG - main.py - clear_kpi_output: ...deleting /home/fiona/kpi/pyout/CFD_CMS_FYQ.png
12-Aug-19 21:00:20 - DEBUG - main.py - clear_kpi_output: ...deleting /home/fiona/kpi/pyout/CFD_CMM_FYQ.png
12-Aug-19 21:00:21 - DEBUG - main.py - clear_kpi_output: ...deleting /home/fiona/kpi/pyout/CFPD_AllFYQ.png
12-Aug-19 21:00:22 - DEBUG - main.py - clear_kpi_output: ...deleting /home/fiona/kpi/pyout/CFD_AllMonths.png
12-Aug-19 21:00:23 - DEBUG - main.py - clear_kpi_output: ...deleting /home/fiona/kpi/pyout/CFD_CMA_FYQ.png
12-Aug-19 21:00:24 - DEBUG - main.py - clear_kpi_output: ...deleting /home/fiona/kpi/pyout/CFPD_CMS_FYQ.png
12-Aug-19 21:00:25 - DEBUG - main.py - clear_kpi_output: ...deleting /home/fiona/kpi/pyout/IFD_CMA_FYQ.png
12-Aug-19 21:00:26 - DEBUG - main.py - clear_kpi_output: ...deleting /home/fiona/kpi/pyout/CFD_CMM_Months.png
12-Aug-19 21:00:27 - DEBUG - main.py - clear_kpi_output: ...deleting /home/fiona/kpi/pyout/PSIRT_AllMonths.png
12-Aug-19 21:00:28 - DEBUG - main.py - clear_kpi_output: ...deleting /home/fiona/kpi/pyout/IFD_AllFYQ.png
12-Aug-19 21:00:29 - DEBUG - main.py - clear_kpi_output: ...deleting /home/fiona/kpi/pyout/ATC_ServerTests.png
12-Aug-19 21:00:30 - DEBUG - main.py - clear_kpi_output: ...deleting /home/fiona/kpi/pyout/CFD_CMS_Months.png
12-Aug-19 21:00:31 - DEBUG - main.py - clear_kpi_output: ...deleting /home/fiona/kpi/pyout/CFPD_CMA_FYQ.png
12-Aug-19 21:00:32 - DEBUG - main.py - clear_kpi_output: ...deleting /home/fiona/kpi/pyout/ATC_ClientTests.png
12-Aug-19 21:00:33 - DEBUG - main.py - clear_kpi_output: ...deleting /home/fiona/kpi/pyout/IFD_CMA_Months.png
12-Aug-19 21:00:34 - DEBUG - main.py - clear_kpi_output: ...deleting /home/fiona/kpi/pyout/ATC_ServerPasses.png
12-Aug-19 21:00:35 - DEBUG - main.py - clear_kpi_output: ...deleting /home/fiona/kpi/pyout/CFPD_CMS_Months.png
12-Aug-19 21:00:36 - INFO - main.py - main: Processing KPI for: JIRA
12-Aug-19 21:00:36 - DEBUG - main.py - main: Selected - CFPD
12-Aug-19 21:00:36 - INFO - importdata.py - get_jira_client: JIRA Connection Status: OK
12-Aug-19 21:00:51 - INFO - importdata.py - import_from_api: Imported records: 323
12-Aug-19 21:00:51 - DEBUG - dataprep.py - reformat_df_dates: Reformat dates.....
12-Aug-19 21:00:51 - INFO - main.py - main: Processing CFPD data for: CMA
12-Aug-19 21:00:51 - DEBUG - main.py - main: 1. Calculate MTTR days....
12-Aug-19 21:00:51 - DEBUG - main.py - main: 2. Get open/closed counts....
12-Aug-19 21:00:51 - DEBUG - main.py - main: 3. Merge open/closed/mttr data....
12-Aug-19 21:00:52 - DEBUG - main.py - main: 4. Perform MTTR calcs....
12-Aug-19 21:00:52 - DEBUG - main.py - main: 5. Prepare monthly data and chart....
12-Aug-19 21:00:52 - INFO - plotkpi.py - plot_kpi_chart: Plotting chart CFPD CMA for Months ......
12-Aug-19 21:00:52 - INFO - main.py - main: Monthly chart created: /home/fiona/kpi/pyout/CFPD_CMA_Months.png
12-Aug-19 21:00:52 - DEBUG - main.py - main: 6. Prepare FYQ data and chart....
12-Aug-19 21:00:52 - INFO - plotkpi.py - plot_kpi_chart: Plotting chart CFPD CMA for FYQ ......
12-Aug-19 21:00:52 - INFO - main.py - main: FYQ chart created: /home/fiona/kpi/pyout/CFPD_CMA_FYQ.png
12-Aug-19 21:00:52 - INFO - main.py - main: Processing CFPD data for: CMS
12-Aug-19 21:00:52 - DEBUG - main.py - main: 1. Calculate MTTR days....
12-Aug-19 21:00:55 - DEBUG - main.py - main: 2. Get open/closed counts....
12-Aug-19 21:00:55 - DEBUG - main.py - main: 3. Merge open/closed/mttr data....
12-Aug-19 21:00:55 - DEBUG - main.py - main: 4. Perform MTTR calcs....
12-Aug-19 21:00:55 - DEBUG - main.py - main: 5. Prepare monthly data and chart....
12-Aug-19 21:00:55 - INFO - plotkpi.py - plot_kpi_chart: Plotting chart CFPD CMS for Months ......
12-Aug-19 21:00:56 - INFO - main.py - main: Monthly chart created: /home/fiona/kpi/pyout/CFPD_CMS_Months.png
12-Aug-19 21:00:56 - DEBUG - main.py - main: 6. Prepare FYQ data and chart....
12-Aug-19 21:00:56 - INFO - plotkpi.py - plot_kpi_chart: Plotting chart CFPD CMS for FYQ ......
12-Aug-19 21:00:56 - INFO - main.py - main: FYQ chart created: /home/fiona/kpi/pyout/CFPD_CMS_FYQ.png
12-Aug-19 21:00:56 - DEBUG - main.py - main: 7. Perform All MTTR calcs....
12-Aug-19 21:00:56 - DEBUG - main.py - main: 8. Group all by month....
12-Aug-19 21:00:56 - DEBUG - main.py - main: 9. Chart All monthly....
12-Aug-19 21:00:56 - INFO - plotkpi.py - plot_kpi_chart: Plotting chart CFPD CMA, CMS for AllMonths ......
12-Aug-19 21:00:56 - INFO - main.py - main: All Months chart created: /home/fiona/kpi/pyout/CFPD_AllMonths.png
12-Aug-19 21:00:56 - DEBUG - main.py - main: 10. Group all by FYQ....
12-Aug-19 21:00:56 - DEBUG - main.py - main: 11. Chart All FYQ....
12-Aug-19 21:00:56 - INFO - plotkpi.py - plot_kpi_chart: Plotting chart CFPD CMA, CMS for AllFYQ ......
12-Aug-19 21:00:57 - INFO - main.py - main: All FYQ chart created: /home/fiona/kpi/pyout/CFPD_AllFYQ.png
12-Aug-19 21:00:57 - DEBUG - main.py - main: Selected - IFD
12-Aug-19 21:00:57 - INFO - importdata.py - get_jira_client: JIRA Connection Status: OK
12-Aug-19 21:05:15 - INFO - importdata.py - import_from_api: Imported records: 6925
12-Aug-19 21:05:15 - DEBUG - dataprep.py - reformat_df_dates: Reformat dates.....
12-Aug-19 21:05:15 - INFO - main.py - main: Processing IFD data for: CMA
12-Aug-19 21:05:15 - DEBUG - main.py - main: 1. Calculate MTTR days....
12-Aug-19 21:05:46 - DEBUG - main.py - main: 2. Get open/closed counts....
12-Aug-19 21:05:46 - DEBUG - main.py - main: 3. Merge open/closed/mttr data....
12-Aug-19 21:05:46 - DEBUG - main.py - main: 4. Perform MTTR calcs....
12-Aug-19 21:05:46 - DEBUG - main.py - main: 5. Prepare monthly data and chart....
12-Aug-19 21:05:46 - INFO - plotkpi.py - plot_kpi_chart: Plotting chart IFD CMA for Months ......
12-Aug-19 21:05:47 - INFO - main.py - main: Monthly chart created: /home/fiona/kpi/pyout/IFD_CMA_Months.png
12-Aug-19 21:05:47 - DEBUG - main.py - main: 6. Prepare FYQ data and chart....
12-Aug-19 21:05:47 - INFO - plotkpi.py - plot_kpi_chart: Plotting chart IFD CMA for FYQ ......
12-Aug-19 21:05:47 - INFO - main.py - main: FYQ chart created: /home/fiona/kpi/pyout/IFD_CMA_FYQ.png
12-Aug-19 21:05:47 - INFO - main.py - main: Processing IFD data for: CMS
12-Aug-19 21:05:47 - DEBUG - main.py - main: 1. Calculate MTTR days....
12-Aug-19 21:06:11 - DEBUG - main.py - main: 2. Get open/closed counts....
12-Aug-19 21:06:11 - DEBUG - main.py - main: 3. Merge open/closed/mttr data....
12-Aug-19 21:06:11 - DEBUG - main.py - main: 4. Perform MTTR calcs....
12-Aug-19 21:06:12 - DEBUG - main.py - main: 5. Prepare monthly data and chart....
12-Aug-19 21:06:12 - INFO - plotkpi.py - plot_kpi_chart: Plotting chart IFD CMS for Months ......
12-Aug-19 21:06:12 - INFO - main.py - main: Monthly chart created: /home/fiona/kpi/pyout/IFD_CMS_Months.png
12-Aug-19 21:06:12 - DEBUG - main.py - main: 6. Prepare FYQ data and chart....
12-Aug-19 21:06:12 - INFO - plotkpi.py - plot_kpi_chart: Plotting chart IFD CMS for FYQ ......
12-Aug-19 21:06:12 - INFO - main.py - main: FYQ chart created: /home/fiona/kpi/pyout/IFD_CMS_FYQ.png
12-Aug-19 21:06:12 - INFO - main.py - main: Processing IFD data for: CMM
12-Aug-19 21:06:12 - DEBUG - main.py - main: 1. Calculate MTTR days....
12-Aug-19 21:06:31 - DEBUG - main.py - main: 2. Get open/closed counts....
12-Aug-19 21:06:31 - DEBUG - main.py - main: 3. Merge open/closed/mttr data....
12-Aug-19 21:06:31 - DEBUG - main.py - main: 4. Perform MTTR calcs....
12-Aug-19 21:06:31 - DEBUG - main.py - main: 5. Prepare monthly data and chart....
12-Aug-19 21:06:31 - INFO - plotkpi.py - plot_kpi_chart: Plotting chart IFD CMM for Months ......
12-Aug-19 21:06:31 - INFO - main.py - main: Monthly chart created: /home/fiona/kpi/pyout/IFD_CMM_Months.png
12-Aug-19 21:06:31 - DEBUG - main.py - main: 6. Prepare FYQ data and chart....
12-Aug-19 21:06:31 - INFO - plotkpi.py - plot_kpi_chart: Plotting chart IFD CMM for FYQ ......
12-Aug-19 21:06:32 - INFO - main.py - main: FYQ chart created: /home/fiona/kpi/pyout/IFD_CMM_FYQ.png
12-Aug-19 21:06:32 - DEBUG - main.py - main: 7. Perform All MTTR calcs....
12-Aug-19 21:06:32 - DEBUG - main.py - main: 8. Group all by month....
12-Aug-19 21:06:32 - DEBUG - main.py - main: 9. Chart All monthly....
12-Aug-19 21:06:32 - INFO - plotkpi.py - plot_kpi_chart: Plotting chart IFD CMA, CMS, CMM for AllMonths ......
12-Aug-19 21:06:32 - INFO - main.py - main: All Months chart created: /home/fiona/kpi/pyout/IFD_AllMonths.png
12-Aug-19 21:06:32 - DEBUG - main.py - main: 10. Group all by FYQ....
12-Aug-19 21:06:32 - DEBUG - main.py - main: 11. Chart All FYQ....
12-Aug-19 21:06:32 - INFO - plotkpi.py - plot_kpi_chart: Plotting chart IFD CMA, CMS, CMM for AllFYQ ......
12-Aug-19 21:06:32 - INFO - main.py - main: All FYQ chart created: /home/fiona/kpi/pyout/IFD_AllFYQ.png
12-Aug-19 21:06:32 - DEBUG - main.py - main: Selected - CFD
12-Aug-19 21:06:32 - INFO - importdata.py - get_jira_client: JIRA Connection Status: OK
12-Aug-19 21:07:25 - INFO - importdata.py - import_from_api: Imported records: 1322
12-Aug-19 21:07:25 - DEBUG - dataprep.py - reformat_df_dates: Reformat dates.....
12-Aug-19 21:07:25 - INFO - main.py - main: Processing CFD data for: CMA
12-Aug-19 21:07:25 - DEBUG - main.py - main: 1. Calculate MTTR days....
12-Aug-19 21:07:29 - DEBUG - main.py - main: 2. Get open/closed counts....
12-Aug-19 21:07:29 - DEBUG - main.py - main: 3. Merge open/closed/mttr data....
12-Aug-19 21:07:29 - DEBUG - main.py - main: 4. Perform MTTR calcs....
12-Aug-19 21:07:30 - DEBUG - main.py - main: 5. Prepare monthly data and chart....
12-Aug-19 21:07:30 - INFO - plotkpi.py - plot_kpi_chart: Plotting chart CFD CMA for Months ......
12-Aug-19 21:07:30 - INFO - main.py - main: Monthly chart created: /home/fiona/kpi/pyout/CFD_CMA_Months.png
12-Aug-19 21:07:30 - DEBUG - main.py - main: 6. Prepare FYQ data and chart....
12-Aug-19 21:07:30 - INFO - plotkpi.py - plot_kpi_chart: Plotting chart CFD CMA for FYQ ......
12-Aug-19 21:07:30 - INFO - main.py - main: FYQ chart created: /home/fiona/kpi/pyout/CFD_CMA_FYQ.png
12-Aug-19 21:07:30 - INFO - main.py - main: Processing CFD data for: CMS
12-Aug-19 21:07:30 - DEBUG - main.py - main: 1. Calculate MTTR days....
12-Aug-19 21:07:41 - DEBUG - main.py - main: 2. Get open/closed counts....
12-Aug-19 21:07:41 - DEBUG - main.py - main: 3. Merge open/closed/mttr data....
12-Aug-19 21:07:41 - DEBUG - main.py - main: 4. Perform MTTR calcs....
12-Aug-19 21:07:42 - DEBUG - main.py - main: 5. Prepare monthly data and chart....
12-Aug-19 21:07:42 - INFO - plotkpi.py - plot_kpi_chart: Plotting chart CFD CMS for Months ......
12-Aug-19 21:07:42 - INFO - main.py - main: Monthly chart created: /home/fiona/kpi/pyout/CFD_CMS_Months.png
12-Aug-19 21:07:42 - DEBUG - main.py - main: 6. Prepare FYQ data and chart....
12-Aug-19 21:07:42 - INFO - plotkpi.py - plot_kpi_chart: Plotting chart CFD CMS for FYQ ......
12-Aug-19 21:07:42 - INFO - main.py - main: FYQ chart created: /home/fiona/kpi/pyout/CFD_CMS_FYQ.png
12-Aug-19 21:07:42 - INFO - main.py - main: Processing CFD data for: CMM
12-Aug-19 21:07:42 - DEBUG - main.py - main: 1. Calculate MTTR days....
12-Aug-19 21:07:43 - DEBUG - main.py - main: 2. Get open/closed counts....
12-Aug-19 21:07:43 - DEBUG - main.py - main: 3. Merge open/closed/mttr data....
12-Aug-19 21:07:43 - DEBUG - main.py - main: 4. Perform MTTR calcs....
12-Aug-19 21:07:43 - DEBUG - main.py - main: 5. Prepare monthly data and chart....
12-Aug-19 21:07:43 - INFO - plotkpi.py - plot_kpi_chart: Plotting chart CFD CMM for Months ......
12-Aug-19 21:07:43 - INFO - main.py - main: Monthly chart created: /home/fiona/kpi/pyout/CFD_CMM_Months.png
12-Aug-19 21:07:43 - DEBUG - main.py - main: 6. Prepare FYQ data and chart....
12-Aug-19 21:07:43 - INFO - plotkpi.py - plot_kpi_chart: Plotting chart CFD CMM for FYQ ......
12-Aug-19 21:07:43 - INFO - main.py - main: FYQ chart created: /home/fiona/kpi/pyout/CFD_CMM_FYQ.png
12-Aug-19 21:07:43 - DEBUG - main.py - main: 7. Perform All MTTR calcs....
12-Aug-19 21:07:43 - DEBUG - main.py - main: 8. Group all by month....
12-Aug-19 21:07:43 - DEBUG - main.py - main: 9. Chart All monthly....
12-Aug-19 21:07:43 - INFO - plotkpi.py - plot_kpi_chart: Plotting chart CFD CMA, CMS, CMM for AllMonths ......
12-Aug-19 21:07:44 - INFO - main.py - main: All Months chart created: /home/fiona/kpi/pyout/CFD_AllMonths.png
12-Aug-19 21:07:44 - DEBUG - main.py - main: 10. Group all by FYQ....
12-Aug-19 21:07:44 - DEBUG - main.py - main: 11. Chart All FYQ....
12-Aug-19 21:07:44 - INFO - plotkpi.py - plot_kpi_chart: Plotting chart CFD CMA, CMS, CMM for AllFYQ ......
12-Aug-19 21:07:44 - INFO - main.py - main: All FYQ chart created: /home/fiona/kpi/pyout/CFD_AllFYQ.png
12-Aug-19 21:07:44 - INFO - main.py - main: Processing KPI for: CDETS
12-Aug-19 21:07:44 - DEBUG - main.py - main: Selected - PSIRT
12-Aug-19 21:07:44 - INFO - importdata.py - get_url: URL: http://wwwin-metrics.cisco.com/cgi-bin/ws/ws_ddts_query_new.cgi?expert=Project:CSC.general%20and%20PSIRT:Y%20and%20Product:meeting_apps,meetingserver,cmm%20and%20SIR:Critical,High,Medium,Low%20and%20Status:A,H,I,M,N,O,P,Q,R,S,T,V,W&type=json&fields=Status,Priority,SIR,Product,Headline,OPENED,CLOSED
12-Aug-19 21:08:10 - INFO - importdata.py - get_api_data: PSIRT Connection: OK
12-Aug-19 21:08:10 - INFO - importdata.py - import_from_api: Imported records: 150
12-Aug-19 21:08:10 - DEBUG - dataprep.py - reformat_df_dates: Reformat dates.....
12-Aug-19 21:08:10 - INFO - main.py - main: Processing PSIRT data for: CMA
12-Aug-19 21:08:10 - DEBUG - main.py - main: 1. Calculate MTTR days....
12-Aug-19 21:08:10 - DEBUG - main.py - main: 2. Get open/closed counts....
12-Aug-19 21:08:10 - DEBUG - main.py - main: 3. Merge open/closed/mttr data....
12-Aug-19 21:08:10 - DEBUG - main.py - main: 4. Perform MTTR calcs....
12-Aug-19 21:08:10 - DEBUG - main.py - main: 5. Prepare monthly data and chart....
12-Aug-19 21:08:10 - INFO - plotkpi.py - plot_kpi_chart: Plotting chart PSIRT CMA for Months ......
12-Aug-19 21:08:10 - INFO - main.py - main: Monthly chart created: /home/fiona/kpi/pyout/PSIRT_CMA_Months.png
12-Aug-19 21:08:10 - INFO - main.py - main: Processing PSIRT data for: CMS
12-Aug-19 21:08:10 - DEBUG - main.py - main: 1. Calculate MTTR days....
12-Aug-19 21:08:11 - DEBUG - main.py - main: 2. Get open/closed counts....
12-Aug-19 21:08:11 - DEBUG - main.py - main: 3. Merge open/closed/mttr data....
12-Aug-19 21:08:11 - DEBUG - main.py - main: 4. Perform MTTR calcs....
12-Aug-19 21:08:12 - DEBUG - main.py - main: 5. Prepare monthly data and chart....
12-Aug-19 21:08:12 - INFO - plotkpi.py - plot_kpi_chart: Plotting chart PSIRT CMS for Months ......
12-Aug-19 21:08:12 - INFO - main.py - main: Monthly chart created: /home/fiona/kpi/pyout/PSIRT_CMS_Months.png
12-Aug-19 21:08:12 - INFO - main.py - main: Processing PSIRT data for: CMM
12-Aug-19 21:08:12 - DEBUG - main.py - main: 1. Calculate MTTR days....
12-Aug-19 21:08:12 - DEBUG - main.py - main: 2. Get open/closed counts....
12-Aug-19 21:08:12 - DEBUG - main.py - main: 3. Merge open/closed/mttr data....
12-Aug-19 21:08:12 - DEBUG - main.py - main: 4. Perform MTTR calcs....
12-Aug-19 21:08:12 - DEBUG - main.py - main: 5. Prepare monthly data and chart....
12-Aug-19 21:08:12 - INFO - plotkpi.py - plot_kpi_chart: Plotting chart PSIRT CMM for Months ......
12-Aug-19 21:08:13 - INFO - main.py - main: Monthly chart created: /home/fiona/kpi/pyout/PSIRT_CMM_Months.png
12-Aug-19 21:08:13 - DEBUG - main.py - main: 7. Perform All MTTR calcs....
12-Aug-19 21:08:13 - DEBUG - main.py - main: 8. Group all by month....
12-Aug-19 21:08:13 - DEBUG - main.py - main: 9. Chart All monthly....
12-Aug-19 21:08:13 - INFO - plotkpi.py - plot_kpi_chart: Plotting chart PSIRT CMA, CMS, CMM for AllMonths ......
12-Aug-19 21:08:13 - INFO - main.py - main: All Months chart created: /home/fiona/kpi/pyout/PSIRT_AllMonths.png
12-Aug-19 21:08:13 - INFO - main.py - main: Processing KPI for: ACANO
12-Aug-19 21:08:13 - DEBUG - main.py - main: Selected - ATC
12-Aug-19 21:08:13 - INFO - main.py - process_atc_schedules: ...processing ATC schedules for Server
12-Aug-19 21:08:13 - INFO - importdata.py - get_url: URL: https://atc.uxb.ciscolabs.com/api/batch/?schedule=2&sort(-id)
12-Aug-19 21:08:19 - INFO - importdata.py - get_api_data: ATC Connection: OK
12-Aug-19 21:08:19 - INFO - importdata.py - import_from_api: Imported records: 1205
12-Aug-19 21:08:19 - DEBUG - dataprep.py - get_atc_plot_data: ATC dates: Start - 2018-02-01 00:00:00; End - 2019-07-31 00:00:00
12-Aug-19 21:08:19 - INFO - plotkpi.py - plot_atc_chart: Plotting ATC chart for Server main......
12-Aug-19 21:08:19 - INFO - main.py - process_atc_schedules: Server main chart created for /home/fiona/kpi/pyout/ATC_ServerTests.png
12-Aug-19 21:08:19 - INFO - plotkpi.py - plot_atc_chart: Plotting ATC chart for Server passed......
12-Aug-19 21:08:19 - INFO - main.py - process_atc_schedules: Server passed chart created for /home/fiona/kpi/pyout/ATC_ServerPasses.png
12-Aug-19 21:08:19 - INFO - plotkpi.py - plot_atc_chart: Plotting ATC chart for Server %passed......
12-Aug-19 21:08:20 - INFO - main.py - process_atc_schedules: Server %passed chart created for /home/fiona/kpi/pyout/ATC_%ServerPasses.png
12-Aug-19 21:08:20 - INFO - main.py - process_atc_schedules: ...processing ATC schedules for Client
12-Aug-19 21:08:20 - INFO - importdata.py - get_url: URL: https://atc.uxb.ciscolabs.com/api/batch/?schedule=125&sort(-id)
12-Aug-19 21:08:22 - INFO - importdata.py - get_api_data: ATC Connection: OK
12-Aug-19 21:08:22 - INFO - importdata.py - import_from_api: Imported records: 299
12-Aug-19 21:08:22 - DEBUG - dataprep.py - get_atc_plot_data: ATC dates: Start - 2018-02-01 00:00:00; End - 2019-07-31 00:00:00
12-Aug-19 21:08:22 - INFO - plotkpi.py - plot_atc_chart: Plotting ATC chart for Client main......
12-Aug-19 21:08:22 - INFO - main.py - process_atc_schedules: Client main chart created for /home/fiona/kpi/pyout/ATC_ClientTests.png
12-Aug-19 21:08:22 - INFO - plotkpi.py - plot_atc_chart: Plotting ATC chart for Client passed......
12-Aug-19 21:08:23 - INFO - main.py - process_atc_schedules: Client passed chart created for /home/fiona/kpi/pyout/ATC_ClientPasses.png
12-Aug-19 21:08:23 - INFO - plotkpi.py - plot_atc_chart: Plotting ATC chart for Client %passed......
12-Aug-19 21:08:23 - INFO - main.py - process_atc_schedules: Client %passed chart created for /home/fiona/kpi/pyout/ATC_%ClientPasses.png
12-Aug-19 21:08:23 - INFO - main.py - process_atc_schedules: ...processing ATC schedules for SecurityVTP
12-Aug-19 21:08:23 - INFO - importdata.py - get_url: URL: https://atc.uxb.ciscolabs.com/api/batch/?schedule=151&sort(-id)
12-Aug-19 21:08:23 - INFO - importdata.py - get_api_data: ATC Connection: OK
12-Aug-19 21:08:23 - INFO - importdata.py - import_from_api: Imported records: 4
12-Aug-19 21:08:23 - WARNING - main.py - process_atc_schedules: Insufficient data to plot ATC - SecurityVTP
12-Aug-19 21:08:23 - INFO - main.py - <module>: 
12-Aug-19 21:08:23 - INFO - main.py - <module>: Finished!
13-Aug-19 16:14:02 - INFO - main.py - <module>: Starting AutoKPI run.....
13-Aug-19 16:14:02 - DEBUG - main.py - main: Input Parms: {'JIRA': ['CFPD', 'IFD', 'CFD'], 'CDETS': ['PSIRT'], 'ACANO': ['ATC']}
13-Aug-19 16:14:02 - INFO - main.py - clear_kpi_output: Clear output directory...
13-Aug-19 16:14:02 - DEBUG - main.py - clear_kpi_output: ...deleting /home/fiona/kpi/pyout/PSIRT_CMM_Months.png
13-Aug-19 16:14:03 - DEBUG - main.py - clear_kpi_output: ...deleting /home/fiona/kpi/pyout/PSIRT_CMA_Months.png
13-Aug-19 16:14:04 - DEBUG - main.py - clear_kpi_output: ...deleting /home/fiona/kpi/pyout/CFPD_CMA_Months.png
13-Aug-19 16:14:05 - DEBUG - main.py - clear_kpi_output: ...deleting /home/fiona/kpi/pyout/PSIRT_CMS_Months.png
13-Aug-19 16:14:06 - DEBUG - main.py - clear_kpi_output: ...deleting /home/fiona/kpi/pyout/ATC_ClientPasses.png
13-Aug-19 16:14:07 - DEBUG - main.py - clear_kpi_output: ...deleting /home/fiona/kpi/pyout/ATC_%ServerPasses.png
13-Aug-19 16:14:08 - DEBUG - main.py - clear_kpi_output: ...deleting /home/fiona/kpi/pyout/ATC_%ClientPasses.png
13-Aug-19 16:14:09 - DEBUG - main.py - clear_kpi_output: ...deleting /home/fiona/kpi/pyout/IFD_CMS_FYQ.png
13-Aug-19 16:14:10 - DEBUG - main.py - clear_kpi_output: ...deleting /home/fiona/kpi/pyout/IFD_CMM_Months.png
13-Aug-19 16:14:11 - DEBUG - main.py - clear_kpi_output: ...deleting /home/fiona/kpi/pyout/IFD_CMM_FYQ.png
13-Aug-19 16:14:12 - DEBUG - main.py - clear_kpi_output: ...deleting /home/fiona/kpi/pyout/CFD_AllFYQ.png
13-Aug-19 16:14:13 - DEBUG - main.py - clear_kpi_output: ...deleting /home/fiona/kpi/pyout/CFD_CMA_Months.png
13-Aug-19 16:14:14 - DEBUG - main.py - clear_kpi_output: ...deleting /home/fiona/kpi/pyout/IFD_AllMonths.png
13-Aug-19 16:14:15 - DEBUG - main.py - clear_kpi_output: ...deleting /home/fiona/kpi/pyout/CFPD_AllMonths.png
13-Aug-19 16:14:16 - DEBUG - main.py - clear_kpi_output: ...deleting /home/fiona/kpi/pyout/IFD_CMS_Months.png
13-Aug-19 16:14:17 - DEBUG - main.py - clear_kpi_output: ...deleting /home/fiona/kpi/pyout/CFD_CMS_FYQ.png
13-Aug-19 16:14:18 - DEBUG - main.py - clear_kpi_output: ...deleting /home/fiona/kpi/pyout/CFD_CMM_FYQ.png
13-Aug-19 16:14:19 - DEBUG - main.py - clear_kpi_output: ...deleting /home/fiona/kpi/pyout/CFPD_AllFYQ.png
13-Aug-19 16:14:20 - DEBUG - main.py - clear_kpi_output: ...deleting /home/fiona/kpi/pyout/CFD_AllMonths.png
13-Aug-19 16:14:21 - DEBUG - main.py - clear_kpi_output: ...deleting /home/fiona/kpi/pyout/CFD_CMA_FYQ.png
13-Aug-19 16:14:22 - DEBUG - main.py - clear_kpi_output: ...deleting /home/fiona/kpi/pyout/CFPD_CMS_FYQ.png
13-Aug-19 16:14:23 - DEBUG - main.py - clear_kpi_output: ...deleting /home/fiona/kpi/pyout/IFD_CMA_FYQ.png
13-Aug-19 16:14:24 - DEBUG - main.py - clear_kpi_output: ...deleting /home/fiona/kpi/pyout/CFD_CMM_Months.png
13-Aug-19 16:14:25 - DEBUG - main.py - clear_kpi_output: ...deleting /home/fiona/kpi/pyout/PSIRT_AllMonths.png
13-Aug-19 16:14:26 - DEBUG - main.py - clear_kpi_output: ...deleting /home/fiona/kpi/pyout/IFD_AllFYQ.png
13-Aug-19 16:14:27 - DEBUG - main.py - clear_kpi_output: ...deleting /home/fiona/kpi/pyout/ATC_ServerTests.png
13-Aug-19 16:14:28 - DEBUG - main.py - clear_kpi_output: ...deleting /home/fiona/kpi/pyout/CFD_CMS_Months.png
13-Aug-19 16:14:29 - DEBUG - main.py - clear_kpi_output: ...deleting /home/fiona/kpi/pyout/CFPD_CMA_FYQ.png
13-Aug-19 16:14:30 - DEBUG - main.py - clear_kpi_output: ...deleting /home/fiona/kpi/pyout/ATC_ClientTests.png
13-Aug-19 16:14:31 - DEBUG - main.py - clear_kpi_output: ...deleting /home/fiona/kpi/pyout/IFD_CMA_Months.png
13-Aug-19 16:14:32 - DEBUG - main.py - clear_kpi_output: ...deleting /home/fiona/kpi/pyout/ATC_ServerPasses.png
13-Aug-19 16:14:33 - DEBUG - main.py - clear_kpi_output: ...deleting /home/fiona/kpi/pyout/CFPD_CMS_Months.png
13-Aug-19 16:14:34 - INFO - main.py - main: Processing KPI for: JIRA
13-Aug-19 16:14:34 - DEBUG - main.py - main: Selected - CFPD
13-Aug-19 16:14:34 - INFO - importdata.py - get_jira_client: JIRA Connection Status: OK
13-Aug-19 16:14:48 - INFO - importdata.py - import_from_api: Imported records: 323
13-Aug-19 16:14:48 - DEBUG - dataprep.py - reformat_df_dates: Reformat dates.....
13-Aug-19 16:14:48 - INFO - main.py - main: Processing CFPD data for: CMA
13-Aug-19 16:14:48 - DEBUG - main.py - main: 1. Calculate MTTR days....
13-Aug-19 16:14:49 - DEBUG - main.py - main: 2. Get open/closed counts....
13-Aug-19 16:14:49 - DEBUG - main.py - main: 3. Merge open/closed/mttr data....
13-Aug-19 16:14:49 - DEBUG - main.py - main: 4. Perform MTTR calcs....
13-Aug-19 16:14:49 - DEBUG - main.py - main: 5. Prepare monthly data and chart....
13-Aug-19 16:14:49 - INFO - plotkpi.py - plot_kpi_chart: Plotting chart CFPD CMA for Months ......
13-Aug-19 16:14:49 - INFO - main.py - main: Monthly chart created: /home/fiona/kpi/pyout/CFPD_CMA_Months.png
13-Aug-19 16:14:49 - DEBUG - main.py - main: 6. Prepare FYQ data and chart....
13-Aug-19 16:14:49 - INFO - plotkpi.py - plot_kpi_chart: Plotting chart CFPD CMA for FYQ ......
13-Aug-19 16:14:49 - INFO - main.py - main: FYQ chart created: /home/fiona/kpi/pyout/CFPD_CMA_FYQ.png
13-Aug-19 16:14:49 - INFO - main.py - main: Processing CFPD data for: CMS
13-Aug-19 16:14:49 - DEBUG - main.py - main: 1. Calculate MTTR days....
13-Aug-19 16:14:52 - DEBUG - main.py - main: 2. Get open/closed counts....
13-Aug-19 16:14:52 - DEBUG - main.py - main: 3. Merge open/closed/mttr data....
13-Aug-19 16:14:52 - DEBUG - main.py - main: 4. Perform MTTR calcs....
13-Aug-19 16:14:53 - DEBUG - main.py - main: 5. Prepare monthly data and chart....
13-Aug-19 16:14:53 - INFO - plotkpi.py - plot_kpi_chart: Plotting chart CFPD CMS for Months ......
13-Aug-19 16:14:53 - INFO - main.py - main: Monthly chart created: /home/fiona/kpi/pyout/CFPD_CMS_Months.png
13-Aug-19 16:14:53 - DEBUG - main.py - main: 6. Prepare FYQ data and chart....
13-Aug-19 16:14:53 - INFO - plotkpi.py - plot_kpi_chart: Plotting chart CFPD CMS for FYQ ......
13-Aug-19 16:14:53 - INFO - main.py - main: FYQ chart created: /home/fiona/kpi/pyout/CFPD_CMS_FYQ.png
13-Aug-19 16:14:53 - DEBUG - main.py - main: 7. Perform All MTTR calcs....
13-Aug-19 16:14:53 - DEBUG - main.py - main: 8. Group all by month....
13-Aug-19 16:14:53 - DEBUG - main.py - main: 9. Chart All monthly....
13-Aug-19 16:14:53 - INFO - plotkpi.py - plot_kpi_chart: Plotting chart CFPD CMA, CMS for AllMonths ......
13-Aug-19 16:14:54 - INFO - main.py - main: All Months chart created: /home/fiona/kpi/pyout/CFPD_AllMonths.png
13-Aug-19 16:14:54 - DEBUG - main.py - main: 10. Group all by FYQ....
13-Aug-19 16:14:54 - DEBUG - main.py - main: 11. Chart All FYQ....
13-Aug-19 16:14:54 - INFO - plotkpi.py - plot_kpi_chart: Plotting chart CFPD CMA, CMS for AllFYQ ......
13-Aug-19 16:14:54 - INFO - main.py - main: All FYQ chart created: /home/fiona/kpi/pyout/CFPD_AllFYQ.png
13-Aug-19 16:14:54 - DEBUG - main.py - main: Selected - IFD
13-Aug-19 16:14:54 - INFO - importdata.py - get_jira_client: JIRA Connection Status: OK
13-Aug-19 16:19:16 - INFO - importdata.py - import_from_api: Imported records: 6928
13-Aug-19 16:19:16 - DEBUG - dataprep.py - reformat_df_dates: Reformat dates.....
13-Aug-19 16:19:16 - INFO - main.py - main: Processing IFD data for: CMA
13-Aug-19 16:19:16 - DEBUG - main.py - main: 1. Calculate MTTR days....
13-Aug-19 16:19:49 - DEBUG - main.py - main: 2. Get open/closed counts....
13-Aug-19 16:19:49 - DEBUG - main.py - main: 3. Merge open/closed/mttr data....
13-Aug-19 16:19:49 - DEBUG - main.py - main: 4. Perform MTTR calcs....
13-Aug-19 16:19:49 - DEBUG - main.py - main: 5. Prepare monthly data and chart....
13-Aug-19 16:19:49 - INFO - plotkpi.py - plot_kpi_chart: Plotting chart IFD CMA for Months ......
13-Aug-19 16:19:49 - INFO - main.py - main: Monthly chart created: /home/fiona/kpi/pyout/IFD_CMA_Months.png
13-Aug-19 16:19:49 - DEBUG - main.py - main: 6. Prepare FYQ data and chart....
13-Aug-19 16:19:49 - INFO - plotkpi.py - plot_kpi_chart: Plotting chart IFD CMA for FYQ ......
13-Aug-19 16:19:50 - INFO - main.py - main: FYQ chart created: /home/fiona/kpi/pyout/IFD_CMA_FYQ.png
13-Aug-19 16:19:50 - INFO - main.py - main: Processing IFD data for: CMS
13-Aug-19 16:19:50 - DEBUG - main.py - main: 1. Calculate MTTR days....
13-Aug-19 16:20:14 - DEBUG - main.py - main: 2. Get open/closed counts....
13-Aug-19 16:20:14 - DEBUG - main.py - main: 3. Merge open/closed/mttr data....
13-Aug-19 16:20:14 - DEBUG - main.py - main: 4. Perform MTTR calcs....
13-Aug-19 16:20:14 - DEBUG - main.py - main: 5. Prepare monthly data and chart....
13-Aug-19 16:20:14 - INFO - plotkpi.py - plot_kpi_chart: Plotting chart IFD CMS for Months ......
13-Aug-19 16:20:14 - INFO - main.py - main: Monthly chart created: /home/fiona/kpi/pyout/IFD_CMS_Months.png
13-Aug-19 16:20:14 - DEBUG - main.py - main: 6. Prepare FYQ data and chart....
13-Aug-19 16:20:14 - INFO - plotkpi.py - plot_kpi_chart: Plotting chart IFD CMS for FYQ ......
13-Aug-19 16:20:15 - INFO - main.py - main: FYQ chart created: /home/fiona/kpi/pyout/IFD_CMS_FYQ.png
13-Aug-19 16:20:15 - INFO - main.py - main: Processing IFD data for: CMM
13-Aug-19 16:20:15 - DEBUG - main.py - main: 1. Calculate MTTR days....
13-Aug-19 16:20:33 - DEBUG - main.py - main: 2. Get open/closed counts....
13-Aug-19 16:20:33 - DEBUG - main.py - main: 3. Merge open/closed/mttr data....
13-Aug-19 16:20:33 - DEBUG - main.py - main: 4. Perform MTTR calcs....
13-Aug-19 16:20:33 - DEBUG - main.py - main: 5. Prepare monthly data and chart....
13-Aug-19 16:20:33 - INFO - plotkpi.py - plot_kpi_chart: Plotting chart IFD CMM for Months ......
13-Aug-19 16:20:34 - INFO - main.py - main: Monthly chart created: /home/fiona/kpi/pyout/IFD_CMM_Months.png
13-Aug-19 16:20:34 - DEBUG - main.py - main: 6. Prepare FYQ data and chart....
13-Aug-19 16:20:34 - INFO - plotkpi.py - plot_kpi_chart: Plotting chart IFD CMM for FYQ ......
13-Aug-19 16:20:34 - INFO - main.py - main: FYQ chart created: /home/fiona/kpi/pyout/IFD_CMM_FYQ.png
13-Aug-19 16:20:34 - DEBUG - main.py - main: 7. Perform All MTTR calcs....
13-Aug-19 16:20:34 - DEBUG - main.py - main: 8. Group all by month....
13-Aug-19 16:20:34 - DEBUG - main.py - main: 9. Chart All monthly....
13-Aug-19 16:20:34 - INFO - plotkpi.py - plot_kpi_chart: Plotting chart IFD CMA, CMS, CMM for AllMonths ......
13-Aug-19 16:20:34 - INFO - main.py - main: All Months chart created: /home/fiona/kpi/pyout/IFD_AllMonths.png
13-Aug-19 16:20:34 - DEBUG - main.py - main: 10. Group all by FYQ....
13-Aug-19 16:20:34 - DEBUG - main.py - main: 11. Chart All FYQ....
13-Aug-19 16:20:34 - INFO - plotkpi.py - plot_kpi_chart: Plotting chart IFD CMA, CMS, CMM for AllFYQ ......
13-Aug-19 16:20:35 - INFO - main.py - main: All FYQ chart created: /home/fiona/kpi/pyout/IFD_AllFYQ.png
13-Aug-19 16:20:35 - DEBUG - main.py - main: Selected - CFD
13-Aug-19 16:20:35 - INFO - importdata.py - get_jira_client: JIRA Connection Status: OK
13-Aug-19 16:21:28 - INFO - importdata.py - import_from_api: Imported records: 1322
13-Aug-19 16:21:28 - DEBUG - dataprep.py - reformat_df_dates: Reformat dates.....
13-Aug-19 16:21:28 - INFO - main.py - main: Processing CFD data for: CMA
13-Aug-19 16:21:28 - DEBUG - main.py - main: 1. Calculate MTTR days....
13-Aug-19 16:21:33 - DEBUG - main.py - main: 2. Get open/closed counts....
13-Aug-19 16:21:33 - DEBUG - main.py - main: 3. Merge open/closed/mttr data....
13-Aug-19 16:21:33 - DEBUG - main.py - main: 4. Perform MTTR calcs....
13-Aug-19 16:21:33 - DEBUG - main.py - main: 5. Prepare monthly data and chart....
13-Aug-19 16:21:33 - INFO - plotkpi.py - plot_kpi_chart: Plotting chart CFD CMA for Months ......
13-Aug-19 16:21:33 - INFO - main.py - main: Monthly chart created: /home/fiona/kpi/pyout/CFD_CMA_Months.png
13-Aug-19 16:21:33 - DEBUG - main.py - main: 6. Prepare FYQ data and chart....
13-Aug-19 16:21:33 - INFO - plotkpi.py - plot_kpi_chart: Plotting chart CFD CMA for FYQ ......
13-Aug-19 16:21:33 - INFO - main.py - main: FYQ chart created: /home/fiona/kpi/pyout/CFD_CMA_FYQ.png
13-Aug-19 16:21:33 - INFO - main.py - main: Processing CFD data for: CMS
13-Aug-19 16:21:33 - DEBUG - main.py - main: 1. Calculate MTTR days....
13-Aug-19 16:21:45 - DEBUG - main.py - main: 2. Get open/closed counts....
13-Aug-19 16:21:45 - DEBUG - main.py - main: 3. Merge open/closed/mttr data....
13-Aug-19 16:21:45 - DEBUG - main.py - main: 4. Perform MTTR calcs....
13-Aug-19 16:21:45 - DEBUG - main.py - main: 5. Prepare monthly data and chart....
13-Aug-19 16:21:45 - INFO - plotkpi.py - plot_kpi_chart: Plotting chart CFD CMS for Months ......
13-Aug-19 16:21:45 - INFO - main.py - main: Monthly chart created: /home/fiona/kpi/pyout/CFD_CMS_Months.png
13-Aug-19 16:21:45 - DEBUG - main.py - main: 6. Prepare FYQ data and chart....
13-Aug-19 16:21:45 - INFO - plotkpi.py - plot_kpi_chart: Plotting chart CFD CMS for FYQ ......
13-Aug-19 16:21:45 - INFO - main.py - main: FYQ chart created: /home/fiona/kpi/pyout/CFD_CMS_FYQ.png
13-Aug-19 16:21:45 - INFO - main.py - main: Processing CFD data for: CMM
13-Aug-19 16:21:45 - DEBUG - main.py - main: 1. Calculate MTTR days....
13-Aug-19 16:21:46 - DEBUG - main.py - main: 2. Get open/closed counts....
13-Aug-19 16:21:46 - DEBUG - main.py - main: 3. Merge open/closed/mttr data....
13-Aug-19 16:21:46 - DEBUG - main.py - main: 4. Perform MTTR calcs....
13-Aug-19 16:21:46 - DEBUG - main.py - main: 5. Prepare monthly data and chart....
13-Aug-19 16:21:46 - INFO - plotkpi.py - plot_kpi_chart: Plotting chart CFD CMM for Months ......
13-Aug-19 16:21:46 - INFO - main.py - main: Monthly chart created: /home/fiona/kpi/pyout/CFD_CMM_Months.png
13-Aug-19 16:21:46 - DEBUG - main.py - main: 6. Prepare FYQ data and chart....
13-Aug-19 16:21:46 - INFO - plotkpi.py - plot_kpi_chart: Plotting chart CFD CMM for FYQ ......
13-Aug-19 16:21:46 - INFO - main.py - main: FYQ chart created: /home/fiona/kpi/pyout/CFD_CMM_FYQ.png
13-Aug-19 16:21:46 - DEBUG - main.py - main: 7. Perform All MTTR calcs....
13-Aug-19 16:21:47 - DEBUG - main.py - main: 8. Group all by month....
13-Aug-19 16:21:47 - DEBUG - main.py - main: 9. Chart All monthly....
13-Aug-19 16:21:47 - INFO - plotkpi.py - plot_kpi_chart: Plotting chart CFD CMA, CMS, CMM for AllMonths ......
13-Aug-19 16:21:47 - INFO - main.py - main: All Months chart created: /home/fiona/kpi/pyout/CFD_AllMonths.png
13-Aug-19 16:21:47 - DEBUG - main.py - main: 10. Group all by FYQ....
13-Aug-19 16:21:47 - DEBUG - main.py - main: 11. Chart All FYQ....
13-Aug-19 16:21:47 - INFO - plotkpi.py - plot_kpi_chart: Plotting chart CFD CMA, CMS, CMM for AllFYQ ......
13-Aug-19 16:21:47 - INFO - main.py - main: All FYQ chart created: /home/fiona/kpi/pyout/CFD_AllFYQ.png
13-Aug-19 16:21:47 - INFO - main.py - main: Processing KPI for: CDETS
13-Aug-19 16:21:47 - DEBUG - main.py - main: Selected - PSIRT
13-Aug-19 16:21:47 - INFO - importdata.py - get_url: URL: http://wwwin-metrics.cisco.com/cgi-bin/ws/ws_ddts_query_new.cgi?expert=Project:CSC.general%20and%20PSIRT:Y%20and%20Product:meeting_apps,meetingserver,cmm%20and%20SIR:Critical,High,Medium,Low%20and%20Status:A,H,I,M,N,O,P,Q,R,S,T,V,W&type=json&fields=Status,Priority,SIR,Product,Headline,OPENED,CLOSED
13-Aug-19 16:21:50 - INFO - importdata.py - get_api_data: PSIRT Connection: OK
13-Aug-19 16:21:50 - INFO - importdata.py - import_from_api: Imported records: 150
13-Aug-19 16:21:50 - DEBUG - dataprep.py - reformat_df_dates: Reformat dates.....
13-Aug-19 16:21:50 - INFO - main.py - main: Processing PSIRT data for: CMA
13-Aug-19 16:21:50 - DEBUG - main.py - main: 1. Calculate MTTR days....
13-Aug-19 16:21:50 - DEBUG - main.py - main: 2. Get open/closed counts....
13-Aug-19 16:21:50 - DEBUG - main.py - main: 3. Merge open/closed/mttr data....
13-Aug-19 16:21:50 - DEBUG - main.py - main: 4. Perform MTTR calcs....
13-Aug-19 16:21:50 - DEBUG - main.py - main: 5. Prepare monthly data and chart....
13-Aug-19 16:21:50 - INFO - plotkpi.py - plot_kpi_chart: Plotting chart PSIRT CMA for Months ......
13-Aug-19 16:21:51 - INFO - main.py - main: Monthly chart created: /home/fiona/kpi/pyout/PSIRT_CMA_Months.png
13-Aug-19 16:21:51 - INFO - main.py - main: Processing PSIRT data for: CMS
13-Aug-19 16:21:51 - DEBUG - main.py - main: 1. Calculate MTTR days....
13-Aug-19 16:21:51 - DEBUG - main.py - main: 2. Get open/closed counts....
13-Aug-19 16:21:51 - DEBUG - main.py - main: 3. Merge open/closed/mttr data....
13-Aug-19 16:21:51 - DEBUG - main.py - main: 4. Perform MTTR calcs....
13-Aug-19 16:21:52 - DEBUG - main.py - main: 5. Prepare monthly data and chart....
13-Aug-19 16:21:52 - INFO - plotkpi.py - plot_kpi_chart: Plotting chart PSIRT CMS for Months ......
13-Aug-19 16:21:52 - INFO - main.py - main: Monthly chart created: /home/fiona/kpi/pyout/PSIRT_CMS_Months.png
13-Aug-19 16:21:52 - INFO - main.py - main: Processing PSIRT data for: CMM
13-Aug-19 16:21:52 - DEBUG - main.py - main: 1. Calculate MTTR days....
13-Aug-19 16:21:52 - DEBUG - main.py - main: 2. Get open/closed counts....
13-Aug-19 16:21:52 - DEBUG - main.py - main: 3. Merge open/closed/mttr data....
13-Aug-19 16:21:52 - DEBUG - main.py - main: 4. Perform MTTR calcs....
13-Aug-19 16:21:52 - DEBUG - main.py - main: 5. Prepare monthly data and chart....
13-Aug-19 16:21:52 - INFO - plotkpi.py - plot_kpi_chart: Plotting chart PSIRT CMM for Months ......
13-Aug-19 16:21:53 - INFO - main.py - main: Monthly chart created: /home/fiona/kpi/pyout/PSIRT_CMM_Months.png
13-Aug-19 16:21:53 - DEBUG - main.py - main: 7. Perform All MTTR calcs....
13-Aug-19 16:21:53 - DEBUG - main.py - main: 8. Group all by month....
13-Aug-19 16:21:53 - DEBUG - main.py - main: 9. Chart All monthly....
13-Aug-19 16:21:53 - INFO - plotkpi.py - plot_kpi_chart: Plotting chart PSIRT CMA, CMS, CMM for AllMonths ......
13-Aug-19 16:21:53 - INFO - main.py - main: All Months chart created: /home/fiona/kpi/pyout/PSIRT_AllMonths.png
13-Aug-19 16:21:53 - INFO - main.py - main: Processing KPI for: ACANO
13-Aug-19 16:21:53 - DEBUG - main.py - main: Selected - ATC
13-Aug-19 16:21:53 - INFO - main.py - process_atc_schedules: ...processing ATC schedules for Server
13-Aug-19 16:21:53 - INFO - importdata.py - get_url: URL: https://atc.uxb.ciscolabs.com/api/batch/?schedule=2&sort(-id)
13-Aug-19 16:21:58 - INFO - importdata.py - get_api_data: ATC Connection: OK
13-Aug-19 16:21:59 - INFO - importdata.py - import_from_api: Imported records: 1206
13-Aug-19 16:21:59 - DEBUG - dataprep.py - get_atc_plot_data: ATC dates: Start - 2018-02-01 00:00:00; End - 2019-07-31 00:00:00
13-Aug-19 16:21:59 - INFO - plotkpi.py - plot_atc_chart: Plotting ATC chart for Server main......
13-Aug-19 16:21:59 - INFO - main.py - process_atc_schedules: Server main chart created for /home/fiona/kpi/pyout/ATC_ServerTests.png
13-Aug-19 16:21:59 - INFO - plotkpi.py - plot_atc_chart: Plotting ATC chart for Server passed......
13-Aug-19 16:21:59 - INFO - main.py - process_atc_schedules: Server passed chart created for /home/fiona/kpi/pyout/ATC_ServerPasses.png
13-Aug-19 16:21:59 - INFO - plotkpi.py - plot_atc_chart: Plotting ATC chart for Server %passed......
13-Aug-19 16:21:59 - INFO - main.py - process_atc_schedules: Server %passed chart created for /home/fiona/kpi/pyout/ATC_%ServerPasses.png
13-Aug-19 16:21:59 - INFO - main.py - process_atc_schedules: ...processing ATC schedules for Client
13-Aug-19 16:21:59 - INFO - importdata.py - get_url: URL: https://atc.uxb.ciscolabs.com/api/batch/?schedule=125&sort(-id)
13-Aug-19 16:22:01 - INFO - importdata.py - get_api_data: ATC Connection: OK
13-Aug-19 16:22:01 - INFO - importdata.py - import_from_api: Imported records: 302
13-Aug-19 16:22:01 - DEBUG - dataprep.py - get_atc_plot_data: ATC dates: Start - 2018-02-01 00:00:00; End - 2019-07-31 00:00:00
13-Aug-19 16:22:01 - INFO - plotkpi.py - plot_atc_chart: Plotting ATC chart for Client main......
13-Aug-19 16:22:01 - INFO - main.py - process_atc_schedules: Client main chart created for /home/fiona/kpi/pyout/ATC_ClientTests.png
13-Aug-19 16:22:01 - INFO - plotkpi.py - plot_atc_chart: Plotting ATC chart for Client passed......
13-Aug-19 16:22:01 - INFO - main.py - process_atc_schedules: Client passed chart created for /home/fiona/kpi/pyout/ATC_ClientPasses.png
13-Aug-19 16:22:01 - INFO - plotkpi.py - plot_atc_chart: Plotting ATC chart for Client %passed......
13-Aug-19 16:22:01 - INFO - main.py - process_atc_schedules: Client %passed chart created for /home/fiona/kpi/pyout/ATC_%ClientPasses.png
13-Aug-19 16:22:01 - INFO - main.py - process_atc_schedules: ...processing ATC schedules for SecurityVTP
13-Aug-19 16:22:01 - INFO - importdata.py - get_url: URL: https://atc.uxb.ciscolabs.com/api/batch/?schedule=151&sort(-id)
13-Aug-19 16:22:02 - INFO - importdata.py - get_api_data: ATC Connection: OK
13-Aug-19 16:22:02 - INFO - importdata.py - import_from_api: Imported records: 4
13-Aug-19 16:22:02 - WARNING - main.py - process_atc_schedules: Insufficient data to plot ATC - SecurityVTP
13-Aug-19 16:22:02 - INFO - main.py - <module>: 
13-Aug-19 16:22:02 - INFO - main.py - <module>: Finished!
14-Aug-19 21:00:02 - INFO - main.py - <module>: Starting AutoKPI run.....
14-Aug-19 21:00:02 - DEBUG - main.py - main: Input Parms: {'JIRA': ['CFPD', 'IFD', 'CFD'], 'CDETS': ['PSIRT'], 'ACANO': ['ATC']}
14-Aug-19 21:00:02 - INFO - main.py - clear_kpi_output: Clear output directory...
14-Aug-19 21:00:02 - DEBUG - main.py - clear_kpi_output: ...deleting /home/fiona/kpi/pyout/PSIRT_CMM_Months.png
14-Aug-19 21:00:03 - DEBUG - main.py - clear_kpi_output: ...deleting /home/fiona/kpi/pyout/PSIRT_CMA_Months.png
14-Aug-19 21:00:04 - DEBUG - main.py - clear_kpi_output: ...deleting /home/fiona/kpi/pyout/CFPD_CMA_Months.png
14-Aug-19 21:00:05 - DEBUG - main.py - clear_kpi_output: ...deleting /home/fiona/kpi/pyout/PSIRT_CMS_Months.png
14-Aug-19 21:00:06 - DEBUG - main.py - clear_kpi_output: ...deleting /home/fiona/kpi/pyout/ATC_ClientPasses.png
14-Aug-19 21:00:07 - DEBUG - main.py - clear_kpi_output: ...deleting /home/fiona/kpi/pyout/ATC_%ServerPasses.png
14-Aug-19 21:00:08 - DEBUG - main.py - clear_kpi_output: ...deleting /home/fiona/kpi/pyout/ATC_%ClientPasses.png
14-Aug-19 21:00:09 - DEBUG - main.py - clear_kpi_output: ...deleting /home/fiona/kpi/pyout/IFD_CMS_FYQ.png
14-Aug-19 21:00:10 - DEBUG - main.py - clear_kpi_output: ...deleting /home/fiona/kpi/pyout/IFD_CMM_Months.png
14-Aug-19 21:00:11 - DEBUG - main.py - clear_kpi_output: ...deleting /home/fiona/kpi/pyout/IFD_CMM_FYQ.png
14-Aug-19 21:00:12 - DEBUG - main.py - clear_kpi_output: ...deleting /home/fiona/kpi/pyout/CFD_AllFYQ.png
14-Aug-19 21:00:13 - DEBUG - main.py - clear_kpi_output: ...deleting /home/fiona/kpi/pyout/CFD_CMA_Months.png
14-Aug-19 21:00:14 - DEBUG - main.py - clear_kpi_output: ...deleting /home/fiona/kpi/pyout/IFD_AllMonths.png
14-Aug-19 21:00:15 - DEBUG - main.py - clear_kpi_output: ...deleting /home/fiona/kpi/pyout/CFPD_AllMonths.png
14-Aug-19 21:00:16 - DEBUG - main.py - clear_kpi_output: ...deleting /home/fiona/kpi/pyout/IFD_CMS_Months.png
14-Aug-19 21:00:17 - DEBUG - main.py - clear_kpi_output: ...deleting /home/fiona/kpi/pyout/CFD_CMS_FYQ.png
14-Aug-19 21:00:18 - DEBUG - main.py - clear_kpi_output: ...deleting /home/fiona/kpi/pyout/CFD_CMM_FYQ.png
14-Aug-19 21:00:19 - DEBUG - main.py - clear_kpi_output: ...deleting /home/fiona/kpi/pyout/CFPD_AllFYQ.png
14-Aug-19 21:00:20 - DEBUG - main.py - clear_kpi_output: ...deleting /home/fiona/kpi/pyout/CFD_AllMonths.png
14-Aug-19 21:00:21 - DEBUG - main.py - clear_kpi_output: ...deleting /home/fiona/kpi/pyout/CFD_CMA_FYQ.png
14-Aug-19 21:00:22 - DEBUG - main.py - clear_kpi_output: ...deleting /home/fiona/kpi/pyout/CFPD_CMS_FYQ.png
14-Aug-19 21:00:23 - DEBUG - main.py - clear_kpi_output: ...deleting /home/fiona/kpi/pyout/IFD_CMA_FYQ.png
14-Aug-19 21:00:24 - DEBUG - main.py - clear_kpi_output: ...deleting /home/fiona/kpi/pyout/CFD_CMM_Months.png
14-Aug-19 21:00:25 - DEBUG - main.py - clear_kpi_output: ...deleting /home/fiona/kpi/pyout/PSIRT_AllMonths.png
14-Aug-19 21:00:26 - DEBUG - main.py - clear_kpi_output: ...deleting /home/fiona/kpi/pyout/IFD_AllFYQ.png
14-Aug-19 21:00:27 - DEBUG - main.py - clear_kpi_output: ...deleting /home/fiona/kpi/pyout/ATC_ServerTests.png
14-Aug-19 21:00:28 - DEBUG - main.py - clear_kpi_output: ...deleting /home/fiona/kpi/pyout/CFD_CMS_Months.png
14-Aug-19 21:00:29 - DEBUG - main.py - clear_kpi_output: ...deleting /home/fiona/kpi/pyout/CFPD_CMA_FYQ.png
14-Aug-19 21:00:30 - DEBUG - main.py - clear_kpi_output: ...deleting /home/fiona/kpi/pyout/ATC_ClientTests.png
14-Aug-19 21:00:31 - DEBUG - main.py - clear_kpi_output: ...deleting /home/fiona/kpi/pyout/IFD_CMA_Months.png
14-Aug-19 21:00:32 - DEBUG - main.py - clear_kpi_output: ...deleting /home/fiona/kpi/pyout/ATC_ServerPasses.png
14-Aug-19 21:00:33 - DEBUG - main.py - clear_kpi_output: ...deleting /home/fiona/kpi/pyout/CFPD_CMS_Months.png
14-Aug-19 21:00:34 - INFO - main.py - main: Processing KPI for: JIRA
14-Aug-19 21:00:34 - DEBUG - main.py - main: Selected - CFPD
14-Aug-19 21:00:34 - INFO - importdata.py - get_jira_client: JIRA Connection Status: OK
14-Aug-19 21:00:49 - INFO - importdata.py - import_from_api: Imported records: 323
14-Aug-19 21:00:49 - DEBUG - dataprep.py - reformat_df_dates: Reformat dates.....
14-Aug-19 21:00:49 - INFO - main.py - main: Processing CFPD data for: CMA
14-Aug-19 21:00:49 - DEBUG - main.py - main: 1. Calculate MTTR days....
14-Aug-19 21:00:50 - DEBUG - main.py - main: 2. Get open/closed counts....
14-Aug-19 21:00:50 - DEBUG - main.py - main: 3. Merge open/closed/mttr data....
14-Aug-19 21:00:50 - DEBUG - main.py - main: 4. Perform MTTR calcs....
14-Aug-19 21:00:50 - DEBUG - main.py - main: 5. Prepare monthly data and chart....
14-Aug-19 21:00:50 - INFO - plotkpi.py - plot_kpi_chart: Plotting chart CFPD CMA for Months ......
14-Aug-19 21:00:50 - INFO - main.py - main: Monthly chart created: /home/fiona/kpi/pyout/CFPD_CMA_Months.png
14-Aug-19 21:00:50 - DEBUG - main.py - main: 6. Prepare FYQ data and chart....
14-Aug-19 21:00:50 - INFO - plotkpi.py - plot_kpi_chart: Plotting chart CFPD CMA for FYQ ......
14-Aug-19 21:00:51 - INFO - main.py - main: FYQ chart created: /home/fiona/kpi/pyout/CFPD_CMA_FYQ.png
14-Aug-19 21:00:51 - INFO - main.py - main: Processing CFPD data for: CMS
14-Aug-19 21:00:51 - DEBUG - main.py - main: 1. Calculate MTTR days....
14-Aug-19 21:00:54 - DEBUG - main.py - main: 2. Get open/closed counts....
14-Aug-19 21:00:54 - DEBUG - main.py - main: 3. Merge open/closed/mttr data....
14-Aug-19 21:00:54 - DEBUG - main.py - main: 4. Perform MTTR calcs....
14-Aug-19 21:00:54 - DEBUG - main.py - main: 5. Prepare monthly data and chart....
14-Aug-19 21:00:54 - INFO - plotkpi.py - plot_kpi_chart: Plotting chart CFPD CMS for Months ......
14-Aug-19 21:00:54 - INFO - main.py - main: Monthly chart created: /home/fiona/kpi/pyout/CFPD_CMS_Months.png
14-Aug-19 21:00:54 - DEBUG - main.py - main: 6. Prepare FYQ data and chart....
14-Aug-19 21:00:54 - INFO - plotkpi.py - plot_kpi_chart: Plotting chart CFPD CMS for FYQ ......
14-Aug-19 21:00:54 - INFO - main.py - main: FYQ chart created: /home/fiona/kpi/pyout/CFPD_CMS_FYQ.png
14-Aug-19 21:00:54 - DEBUG - main.py - main: 7. Perform All MTTR calcs....
14-Aug-19 21:00:54 - DEBUG - main.py - main: 8. Group all by month....
14-Aug-19 21:00:54 - DEBUG - main.py - main: 9. Chart All monthly....
14-Aug-19 21:00:54 - INFO - plotkpi.py - plot_kpi_chart: Plotting chart CFPD CMA, CMS for AllMonths ......
14-Aug-19 21:00:55 - INFO - main.py - main: All Months chart created: /home/fiona/kpi/pyout/CFPD_AllMonths.png
14-Aug-19 21:00:55 - DEBUG - main.py - main: 10. Group all by FYQ....
14-Aug-19 21:00:55 - DEBUG - main.py - main: 11. Chart All FYQ....
14-Aug-19 21:00:55 - INFO - plotkpi.py - plot_kpi_chart: Plotting chart CFPD CMA, CMS for AllFYQ ......
14-Aug-19 21:00:55 - INFO - main.py - main: All FYQ chart created: /home/fiona/kpi/pyout/CFPD_AllFYQ.png
14-Aug-19 21:00:55 - DEBUG - main.py - main: Selected - IFD
14-Aug-19 21:00:55 - INFO - importdata.py - get_jira_client: JIRA Connection Status: OK
14-Aug-19 21:05:14 - INFO - importdata.py - import_from_api: Imported records: 6930
14-Aug-19 21:05:14 - DEBUG - dataprep.py - reformat_df_dates: Reformat dates.....
14-Aug-19 21:05:14 - INFO - main.py - main: Processing IFD data for: CMA
14-Aug-19 21:05:14 - DEBUG - main.py - main: 1. Calculate MTTR days....
14-Aug-19 21:05:46 - DEBUG - main.py - main: 2. Get open/closed counts....
14-Aug-19 21:05:46 - DEBUG - main.py - main: 3. Merge open/closed/mttr data....
14-Aug-19 21:05:46 - DEBUG - main.py - main: 4. Perform MTTR calcs....
14-Aug-19 21:05:46 - DEBUG - main.py - main: 5. Prepare monthly data and chart....
14-Aug-19 21:05:46 - INFO - plotkpi.py - plot_kpi_chart: Plotting chart IFD CMA for Months ......
14-Aug-19 21:05:46 - INFO - main.py - main: Monthly chart created: /home/fiona/kpi/pyout/IFD_CMA_Months.png
14-Aug-19 21:05:46 - DEBUG - main.py - main: 6. Prepare FYQ data and chart....
14-Aug-19 21:05:46 - INFO - plotkpi.py - plot_kpi_chart: Plotting chart IFD CMA for FYQ ......
14-Aug-19 21:05:47 - INFO - main.py - main: FYQ chart created: /home/fiona/kpi/pyout/IFD_CMA_FYQ.png
14-Aug-19 21:05:47 - INFO - main.py - main: Processing IFD data for: CMS
14-Aug-19 21:05:47 - DEBUG - main.py - main: 1. Calculate MTTR days....
14-Aug-19 21:06:11 - DEBUG - main.py - main: 2. Get open/closed counts....
14-Aug-19 21:06:11 - DEBUG - main.py - main: 3. Merge open/closed/mttr data....
14-Aug-19 21:06:11 - DEBUG - main.py - main: 4. Perform MTTR calcs....
14-Aug-19 21:06:11 - DEBUG - main.py - main: 5. Prepare monthly data and chart....
14-Aug-19 21:06:11 - INFO - plotkpi.py - plot_kpi_chart: Plotting chart IFD CMS for Months ......
14-Aug-19 21:06:11 - INFO - main.py - main: Monthly chart created: /home/fiona/kpi/pyout/IFD_CMS_Months.png
14-Aug-19 21:06:11 - DEBUG - main.py - main: 6. Prepare FYQ data and chart....
14-Aug-19 21:06:11 - INFO - plotkpi.py - plot_kpi_chart: Plotting chart IFD CMS for FYQ ......
14-Aug-19 21:06:12 - INFO - main.py - main: FYQ chart created: /home/fiona/kpi/pyout/IFD_CMS_FYQ.png
14-Aug-19 21:06:12 - INFO - main.py - main: Processing IFD data for: CMM
14-Aug-19 21:06:12 - DEBUG - main.py - main: 1. Calculate MTTR days....
14-Aug-19 21:06:31 - DEBUG - main.py - main: 2. Get open/closed counts....
14-Aug-19 21:06:31 - DEBUG - main.py - main: 3. Merge open/closed/mttr data....
14-Aug-19 21:06:31 - DEBUG - main.py - main: 4. Perform MTTR calcs....
14-Aug-19 21:06:31 - DEBUG - main.py - main: 5. Prepare monthly data and chart....
14-Aug-19 21:06:31 - INFO - plotkpi.py - plot_kpi_chart: Plotting chart IFD CMM for Months ......
14-Aug-19 21:06:31 - INFO - main.py - main: Monthly chart created: /home/fiona/kpi/pyout/IFD_CMM_Months.png
14-Aug-19 21:06:31 - DEBUG - main.py - main: 6. Prepare FYQ data and chart....
14-Aug-19 21:06:31 - INFO - plotkpi.py - plot_kpi_chart: Plotting chart IFD CMM for FYQ ......
14-Aug-19 21:06:31 - INFO - main.py - main: FYQ chart created: /home/fiona/kpi/pyout/IFD_CMM_FYQ.png
14-Aug-19 21:06:31 - DEBUG - main.py - main: 7. Perform All MTTR calcs....
14-Aug-19 21:06:31 - DEBUG - main.py - main: 8. Group all by month....
14-Aug-19 21:06:31 - DEBUG - main.py - main: 9. Chart All monthly....
14-Aug-19 21:06:31 - INFO - plotkpi.py - plot_kpi_chart: Plotting chart IFD CMA, CMS, CMM for AllMonths ......
14-Aug-19 21:06:32 - INFO - main.py - main: All Months chart created: /home/fiona/kpi/pyout/IFD_AllMonths.png
14-Aug-19 21:06:32 - DEBUG - main.py - main: 10. Group all by FYQ....
14-Aug-19 21:06:32 - DEBUG - main.py - main: 11. Chart All FYQ....
14-Aug-19 21:06:32 - INFO - plotkpi.py - plot_kpi_chart: Plotting chart IFD CMA, CMS, CMM for AllFYQ ......
14-Aug-19 21:06:32 - INFO - main.py - main: All FYQ chart created: /home/fiona/kpi/pyout/IFD_AllFYQ.png
14-Aug-19 21:06:32 - DEBUG - main.py - main: Selected - CFD
14-Aug-19 21:06:32 - INFO - importdata.py - get_jira_client: JIRA Connection Status: OK
14-Aug-19 21:07:26 - INFO - importdata.py - import_from_api: Imported records: 1322
14-Aug-19 21:07:26 - DEBUG - dataprep.py - reformat_df_dates: Reformat dates.....
14-Aug-19 21:07:26 - INFO - main.py - main: Processing CFD data for: CMA
14-Aug-19 21:07:26 - DEBUG - main.py - main: 1. Calculate MTTR days....
14-Aug-19 21:07:31 - DEBUG - main.py - main: 2. Get open/closed counts....
14-Aug-19 21:07:31 - DEBUG - main.py - main: 3. Merge open/closed/mttr data....
14-Aug-19 21:07:31 - DEBUG - main.py - main: 4. Perform MTTR calcs....
14-Aug-19 21:07:31 - DEBUG - main.py - main: 5. Prepare monthly data and chart....
14-Aug-19 21:07:31 - INFO - plotkpi.py - plot_kpi_chart: Plotting chart CFD CMA for Months ......
14-Aug-19 21:07:31 - INFO - main.py - main: Monthly chart created: /home/fiona/kpi/pyout/CFD_CMA_Months.png
14-Aug-19 21:07:31 - DEBUG - main.py - main: 6. Prepare FYQ data and chart....
14-Aug-19 21:07:31 - INFO - plotkpi.py - plot_kpi_chart: Plotting chart CFD CMA for FYQ ......
14-Aug-19 21:07:31 - INFO - main.py - main: FYQ chart created: /home/fiona/kpi/pyout/CFD_CMA_FYQ.png
14-Aug-19 21:07:31 - INFO - main.py - main: Processing CFD data for: CMS
14-Aug-19 21:07:31 - DEBUG - main.py - main: 1. Calculate MTTR days....
14-Aug-19 21:07:42 - DEBUG - main.py - main: 2. Get open/closed counts....
14-Aug-19 21:07:42 - DEBUG - main.py - main: 3. Merge open/closed/mttr data....
14-Aug-19 21:07:42 - DEBUG - main.py - main: 4. Perform MTTR calcs....
14-Aug-19 21:07:42 - DEBUG - main.py - main: 5. Prepare monthly data and chart....
14-Aug-19 21:07:42 - INFO - plotkpi.py - plot_kpi_chart: Plotting chart CFD CMS for Months ......
14-Aug-19 21:07:43 - INFO - main.py - main: Monthly chart created: /home/fiona/kpi/pyout/CFD_CMS_Months.png
14-Aug-19 21:07:43 - DEBUG - main.py - main: 6. Prepare FYQ data and chart....
14-Aug-19 21:07:43 - INFO - plotkpi.py - plot_kpi_chart: Plotting chart CFD CMS for FYQ ......
14-Aug-19 21:07:43 - INFO - main.py - main: FYQ chart created: /home/fiona/kpi/pyout/CFD_CMS_FYQ.png
14-Aug-19 21:07:43 - INFO - main.py - main: Processing CFD data for: CMM
14-Aug-19 21:07:43 - DEBUG - main.py - main: 1. Calculate MTTR days....
14-Aug-19 21:07:43 - DEBUG - main.py - main: 2. Get open/closed counts....
14-Aug-19 21:07:43 - DEBUG - main.py - main: 3. Merge open/closed/mttr data....
14-Aug-19 21:07:43 - DEBUG - main.py - main: 4. Perform MTTR calcs....
14-Aug-19 21:07:43 - DEBUG - main.py - main: 5. Prepare monthly data and chart....
14-Aug-19 21:07:43 - INFO - plotkpi.py - plot_kpi_chart: Plotting chart CFD CMM for Months ......
14-Aug-19 21:07:44 - INFO - main.py - main: Monthly chart created: /home/fiona/kpi/pyout/CFD_CMM_Months.png
14-Aug-19 21:07:44 - DEBUG - main.py - main: 6. Prepare FYQ data and chart....
14-Aug-19 21:07:44 - INFO - plotkpi.py - plot_kpi_chart: Plotting chart CFD CMM for FYQ ......
14-Aug-19 21:07:44 - INFO - main.py - main: FYQ chart created: /home/fiona/kpi/pyout/CFD_CMM_FYQ.png
14-Aug-19 21:07:44 - DEBUG - main.py - main: 7. Perform All MTTR calcs....
14-Aug-19 21:07:44 - DEBUG - main.py - main: 8. Group all by month....
14-Aug-19 21:07:44 - DEBUG - main.py - main: 9. Chart All monthly....
14-Aug-19 21:07:44 - INFO - plotkpi.py - plot_kpi_chart: Plotting chart CFD CMA, CMS, CMM for AllMonths ......
14-Aug-19 21:07:45 - INFO - main.py - main: All Months chart created: /home/fiona/kpi/pyout/CFD_AllMonths.png
14-Aug-19 21:07:45 - DEBUG - main.py - main: 10. Group all by FYQ....
14-Aug-19 21:07:45 - DEBUG - main.py - main: 11. Chart All FYQ....
14-Aug-19 21:07:45 - INFO - plotkpi.py - plot_kpi_chart: Plotting chart CFD CMA, CMS, CMM for AllFYQ ......
14-Aug-19 21:07:45 - INFO - main.py - main: All FYQ chart created: /home/fiona/kpi/pyout/CFD_AllFYQ.png
14-Aug-19 21:07:45 - INFO - main.py - main: Processing KPI for: CDETS
14-Aug-19 21:07:45 - DEBUG - main.py - main: Selected - PSIRT
14-Aug-19 21:07:45 - INFO - importdata.py - get_url: URL: http://wwwin-metrics.cisco.com/cgi-bin/ws/ws_ddts_query_new.cgi?expert=Project:CSC.general%20and%20PSIRT:Y%20and%20Product:meeting_apps,meetingserver,cmm%20and%20SIR:Critical,High,Medium,Low%20and%20Status:A,H,I,M,N,O,P,Q,R,S,T,V,W&type=json&fields=Status,Priority,SIR,Product,Headline,OPENED,CLOSED
14-Aug-19 21:07:50 - INFO - importdata.py - get_api_data: PSIRT Connection: OK
14-Aug-19 21:07:50 - INFO - importdata.py - import_from_api: Imported records: 149
14-Aug-19 21:07:50 - DEBUG - dataprep.py - reformat_df_dates: Reformat dates.....
14-Aug-19 21:07:50 - INFO - main.py - main: Processing PSIRT data for: CMA
14-Aug-19 21:07:50 - DEBUG - main.py - main: 1. Calculate MTTR days....
14-Aug-19 21:07:50 - DEBUG - main.py - main: 2. Get open/closed counts....
14-Aug-19 21:07:50 - DEBUG - main.py - main: 3. Merge open/closed/mttr data....
14-Aug-19 21:07:50 - DEBUG - main.py - main: 4. Perform MTTR calcs....
14-Aug-19 21:07:50 - DEBUG - main.py - main: 5. Prepare monthly data and chart....
14-Aug-19 21:07:50 - INFO - plotkpi.py - plot_kpi_chart: Plotting chart PSIRT CMA for Months ......
14-Aug-19 21:07:50 - INFO - main.py - main: Monthly chart created: /home/fiona/kpi/pyout/PSIRT_CMA_Months.png
14-Aug-19 21:07:50 - INFO - main.py - main: Processing PSIRT data for: CMS
14-Aug-19 21:07:50 - DEBUG - main.py - main: 1. Calculate MTTR days....
14-Aug-19 21:07:51 - DEBUG - main.py - main: 2. Get open/closed counts....
14-Aug-19 21:07:51 - DEBUG - main.py - main: 3. Merge open/closed/mttr data....
14-Aug-19 21:07:51 - DEBUG - main.py - main: 4. Perform MTTR calcs....
14-Aug-19 21:07:51 - DEBUG - main.py - main: 5. Prepare monthly data and chart....
14-Aug-19 21:07:51 - INFO - plotkpi.py - plot_kpi_chart: Plotting chart PSIRT CMS for Months ......
14-Aug-19 21:07:51 - INFO - main.py - main: Monthly chart created: /home/fiona/kpi/pyout/PSIRT_CMS_Months.png
14-Aug-19 21:07:51 - INFO - main.py - main: Processing PSIRT data for: CMM
14-Aug-19 21:07:51 - DEBUG - main.py - main: 1. Calculate MTTR days....
14-Aug-19 21:07:52 - DEBUG - main.py - main: 2. Get open/closed counts....
14-Aug-19 21:07:52 - DEBUG - main.py - main: 3. Merge open/closed/mttr data....
14-Aug-19 21:07:52 - DEBUG - main.py - main: 4. Perform MTTR calcs....
14-Aug-19 21:07:52 - DEBUG - main.py - main: 5. Prepare monthly data and chart....
14-Aug-19 21:07:52 - INFO - plotkpi.py - plot_kpi_chart: Plotting chart PSIRT CMM for Months ......
14-Aug-19 21:07:52 - INFO - main.py - main: Monthly chart created: /home/fiona/kpi/pyout/PSIRT_CMM_Months.png
14-Aug-19 21:07:52 - DEBUG - main.py - main: 7. Perform All MTTR calcs....
14-Aug-19 21:07:52 - DEBUG - main.py - main: 8. Group all by month....
14-Aug-19 21:07:53 - DEBUG - main.py - main: 9. Chart All monthly....
14-Aug-19 21:07:53 - INFO - plotkpi.py - plot_kpi_chart: Plotting chart PSIRT CMA, CMS, CMM for AllMonths ......
14-Aug-19 21:07:53 - INFO - main.py - main: All Months chart created: /home/fiona/kpi/pyout/PSIRT_AllMonths.png
14-Aug-19 21:07:53 - INFO - main.py - main: Processing KPI for: ACANO
14-Aug-19 21:07:53 - DEBUG - main.py - main: Selected - ATC
14-Aug-19 21:07:53 - INFO - main.py - process_atc_schedules: ...processing ATC schedules for Server
14-Aug-19 21:07:53 - INFO - importdata.py - get_url: URL: https://atc.uxb.ciscolabs.com/api/batch/?schedule=2&sort(-id)
14-Aug-19 21:07:59 - INFO - importdata.py - get_api_data: ATC Connection: OK
14-Aug-19 21:07:59 - INFO - importdata.py - import_from_api: Imported records: 1206
14-Aug-19 21:07:59 - DEBUG - dataprep.py - get_atc_plot_data: ATC dates: Start - 2018-02-01 00:00:00; End - 2019-07-31 00:00:00
14-Aug-19 21:07:59 - INFO - plotkpi.py - plot_atc_chart: Plotting ATC chart for Server main......
14-Aug-19 21:08:00 - INFO - main.py - process_atc_schedules: Server main chart created for /home/fiona/kpi/pyout/ATC_ServerTests.png
14-Aug-19 21:08:00 - INFO - plotkpi.py - plot_atc_chart: Plotting ATC chart for Server passed......
14-Aug-19 21:08:00 - INFO - main.py - process_atc_schedules: Server passed chart created for /home/fiona/kpi/pyout/ATC_ServerPasses.png
14-Aug-19 21:08:00 - INFO - plotkpi.py - plot_atc_chart: Plotting ATC chart for Server %passed......
14-Aug-19 21:08:00 - INFO - main.py - process_atc_schedules: Server %passed chart created for /home/fiona/kpi/pyout/ATC_%ServerPasses.png
14-Aug-19 21:08:00 - INFO - main.py - process_atc_schedules: ...processing ATC schedules for Client
14-Aug-19 21:08:00 - INFO - importdata.py - get_url: URL: https://atc.uxb.ciscolabs.com/api/batch/?schedule=125&sort(-id)
14-Aug-19 21:08:02 - INFO - importdata.py - get_api_data: ATC Connection: OK
14-Aug-19 21:08:02 - INFO - importdata.py - import_from_api: Imported records: 304
14-Aug-19 21:08:02 - DEBUG - dataprep.py - get_atc_plot_data: ATC dates: Start - 2018-02-01 00:00:00; End - 2019-07-31 00:00:00
14-Aug-19 21:08:02 - INFO - plotkpi.py - plot_atc_chart: Plotting ATC chart for Client main......
14-Aug-19 21:08:02 - INFO - main.py - process_atc_schedules: Client main chart created for /home/fiona/kpi/pyout/ATC_ClientTests.png
14-Aug-19 21:08:02 - INFO - plotkpi.py - plot_atc_chart: Plotting ATC chart for Client passed......
14-Aug-19 21:08:03 - INFO - main.py - process_atc_schedules: Client passed chart created for /home/fiona/kpi/pyout/ATC_ClientPasses.png
14-Aug-19 21:08:03 - INFO - plotkpi.py - plot_atc_chart: Plotting ATC chart for Client %passed......
14-Aug-19 21:08:03 - INFO - main.py - process_atc_schedules: Client %passed chart created for /home/fiona/kpi/pyout/ATC_%ClientPasses.png
14-Aug-19 21:08:03 - INFO - main.py - process_atc_schedules: ...processing ATC schedules for SecurityVTP
14-Aug-19 21:08:03 - INFO - importdata.py - get_url: URL: https://atc.uxb.ciscolabs.com/api/batch/?schedule=151&sort(-id)
14-Aug-19 21:08:03 - INFO - importdata.py - get_api_data: ATC Connection: OK
14-Aug-19 21:08:03 - INFO - importdata.py - import_from_api: Imported records: 4
14-Aug-19 21:08:03 - WARNING - main.py - process_atc_schedules: Insufficient data to plot ATC - SecurityVTP
14-Aug-19 21:08:03 - INFO - main.py - <module>: 
14-Aug-19 21:08:03 - INFO - main.py - <module>: Finished!
