29-Aug-19 09:08:54 - INFO - main.py - <module>: Starting AutoKPI run.....
29-Aug-19 09:08:54 - DEBUG - main.py - main: Input Parms: {'JIRA': ['CPFD', 'IFD', 'CFD'], 'CDETS': ['PSIRT'], 'ACANO': ['ATC'], 'BEMS': ['BEMS'], 'SWDL': ['SWDL']}
29-Aug-19 09:08:54 - INFO - main.py - clear_kpi_output: Clear output directory...
29-Aug-19 09:08:54 - DEBUG - main.py - clear_kpi_output: ...deleting /home/fiona/kpi/pyout/CPFD_CMS_Months.png
29-Aug-19 09:08:55 - DEBUG - main.py - clear_kpi_output: ...deleting /home/fiona/kpi/pyout/CPFD_CMA_FYQ.png
29-Aug-19 09:08:56 - DEBUG - main.py - clear_kpi_output: ...deleting /home/fiona/kpi/pyout/CPFD_CMA_Months.png
29-Aug-19 09:08:57 - DEBUG - main.py - clear_kpi_output: ...deleting /home/fiona/kpi/pyout/CPFD_CMS_FYQ.png
29-Aug-19 09:08:58 - INFO - main.py - main: Processing KPI for: JIRA
29-Aug-19 09:08:58 - DEBUG - main.py - main: Selected - CPFD
29-Aug-19 09:08:58 - INFO - dataimport.py - get_jira_client: JIRA Connection Status: OK
29-Aug-19 09:09:18 - INFO - dataimport.py - import_from_api: Imported records: 324
29-Aug-19 09:09:18 - DEBUG - dataprep.py - reformat_df_dates: Reformat dates.....
29-Aug-19 09:09:18 - INFO - main.py - main: Processing CPFD data for: CMA
29-Aug-19 09:09:18 - DEBUG - main.py - main: 1. Calculate MTTR days....
29-Aug-19 09:09:19 - DEBUG - main.py - main: 2. Get open/closed counts....
29-Aug-19 09:09:19 - DEBUG - main.py - main: 3. Merge open/closed/mttr data....
29-Aug-19 09:09:19 - DEBUG - main.py - main: 4. Perform MTTR calcs....
29-Aug-19 09:09:19 - DEBUG - main.py - main: 5. Prepare monthly data and chart....
29-Aug-19 09:09:19 - INFO - plotkpi.py - plot_kpi_chart: Plotting chart CPFD CMA for Months ......
29-Aug-19 09:09:19 - INFO - main.py - main: Monthly chart created: /home/fiona/kpi/pyout/CPFD_CMA_Months.png
29-Aug-19 09:09:19 - DEBUG - main.py - main: 6. Prepare FYQ data and chart....
29-Aug-19 09:09:19 - INFO - plotkpi.py - plot_kpi_chart: Plotting chart CPFD CMA for FYQ ......
29-Aug-19 09:09:19 - INFO - main.py - main: FYQ chart created: /home/fiona/kpi/pyout/CPFD_CMA_FYQ.png
29-Aug-19 09:09:19 - INFO - main.py - main: Processing CPFD data for: CMS
29-Aug-19 09:09:19 - DEBUG - main.py - main: 1. Calculate MTTR days....
29-Aug-19 09:09:23 - DEBUG - main.py - main: 2. Get open/closed counts....
29-Aug-19 09:09:23 - DEBUG - main.py - main: 3. Merge open/closed/mttr data....
29-Aug-19 09:09:23 - DEBUG - main.py - main: 4. Perform MTTR calcs....
29-Aug-19 09:09:23 - DEBUG - main.py - main: 5. Prepare monthly data and chart....
29-Aug-19 09:09:23 - INFO - plotkpi.py - plot_kpi_chart: Plotting chart CPFD CMS for Months ......
29-Aug-19 09:09:23 - INFO - main.py - main: Monthly chart created: /home/fiona/kpi/pyout/CPFD_CMS_Months.png
29-Aug-19 09:09:23 - DEBUG - main.py - main: 6. Prepare FYQ data and chart....
29-Aug-19 09:09:23 - INFO - plotkpi.py - plot_kpi_chart: Plotting chart CPFD CMS for FYQ ......
29-Aug-19 09:09:23 - INFO - main.py - main: FYQ chart created: /home/fiona/kpi/pyout/CPFD_CMS_FYQ.png
29-Aug-19 09:09:23 - INFO - main.py - main: Processing CPFD data for: CMM
29-Aug-19 09:09:23 - DEBUG - main.py - main: 1. Calculate MTTR days....
29-Aug-19 09:09:23 - DEBUG - main.py - main: 2. Get open/closed counts....
29-Aug-19 09:09:23 - DEBUG - main.py - main: 3. Merge open/closed/mttr data....
29-Aug-19 09:09:23 - DEBUG - main.py - main: 4. Perform MTTR calcs....
29-Aug-19 09:09:23 - DEBUG - main.py - main: 5. Prepare monthly data and chart....
29-Aug-19 09:09:23 - INFO - plotkpi.py - plot_kpi_chart: Plotting chart CPFD CMM for Months ......
29-Aug-19 09:09:24 - INFO - main.py - main: Monthly chart created: /home/fiona/kpi/pyout/CPFD_CMM_Months.png
29-Aug-19 09:09:24 - DEBUG - main.py - main: 6. Prepare FYQ data and chart....
29-Aug-19 09:09:24 - INFO - plotkpi.py - plot_kpi_chart: Plotting chart CPFD CMM for FYQ ......
29-Aug-19 09:09:24 - INFO - main.py - main: FYQ chart created: /home/fiona/kpi/pyout/CPFD_CMM_FYQ.png
29-Aug-19 09:09:24 - DEBUG - main.py - main: 7. Perform All MTTR calcs....
29-Aug-19 09:09:24 - DEBUG - main.py - main: 8. Group all by month....
29-Aug-19 09:09:24 - DEBUG - main.py - main: 9. Chart All monthly....
29-Aug-19 09:09:24 - INFO - plotkpi.py - plot_kpi_chart: Plotting chart CPFD CMA, CMS, CMM for AllMonths ......
29-Aug-19 09:09:24 - INFO - main.py - main: All Months chart created: /home/fiona/kpi/pyout/CPFD_AllMonths.png
29-Aug-19 09:09:24 - DEBUG - main.py - main: 10. Group all by FYQ....
29-Aug-19 09:09:24 - DEBUG - main.py - main: 11. Chart All FYQ....
29-Aug-19 09:09:24 - INFO - plotkpi.py - plot_kpi_chart: Plotting chart CPFD CMA, CMS, CMM for AllFYQ ......
29-Aug-19 09:09:25 - INFO - main.py - main: All FYQ chart created: /home/fiona/kpi/pyout/CPFD_AllFYQ.png
29-Aug-19 09:09:25 - DEBUG - main.py - main: Selected - IFD
29-Aug-19 09:09:25 - INFO - dataimport.py - get_jira_client: JIRA Connection Status: OK
29-Aug-19 09:14:57 - INFO - dataimport.py - import_from_api: Imported records: 6993
29-Aug-19 09:14:57 - DEBUG - dataprep.py - reformat_df_dates: Reformat dates.....
29-Aug-19 09:14:57 - INFO - main.py - main: Processing IFD data for: CMA
29-Aug-19 09:14:57 - DEBUG - main.py - main: 1. Calculate MTTR days....
29-Aug-19 09:15:30 - DEBUG - main.py - main: 2. Get open/closed counts....
29-Aug-19 09:15:30 - DEBUG - main.py - main: 3. Merge open/closed/mttr data....
29-Aug-19 09:15:30 - DEBUG - main.py - main: 4. Perform MTTR calcs....
29-Aug-19 09:15:31 - DEBUG - main.py - main: 5. Prepare monthly data and chart....
29-Aug-19 09:15:31 - INFO - plotkpi.py - plot_kpi_chart: Plotting chart IFD CMA for Months ......
29-Aug-19 09:15:31 - INFO - main.py - main: Monthly chart created: /home/fiona/kpi/pyout/IFD_CMA_Months.png
29-Aug-19 09:15:31 - DEBUG - main.py - main: 6. Prepare FYQ data and chart....
29-Aug-19 09:15:31 - INFO - plotkpi.py - plot_kpi_chart: Plotting chart IFD CMA for FYQ ......
29-Aug-19 09:15:31 - INFO - main.py - main: FYQ chart created: /home/fiona/kpi/pyout/IFD_CMA_FYQ.png
29-Aug-19 09:15:31 - INFO - main.py - main: Processing IFD data for: CMS
29-Aug-19 09:15:31 - DEBUG - main.py - main: 1. Calculate MTTR days....
29-Aug-19 09:15:57 - DEBUG - main.py - main: 2. Get open/closed counts....
29-Aug-19 09:15:57 - DEBUG - main.py - main: 3. Merge open/closed/mttr data....
29-Aug-19 09:15:57 - DEBUG - main.py - main: 4. Perform MTTR calcs....
29-Aug-19 09:15:57 - DEBUG - main.py - main: 5. Prepare monthly data and chart....
29-Aug-19 09:15:57 - INFO - plotkpi.py - plot_kpi_chart: Plotting chart IFD CMS for Months ......
29-Aug-19 09:15:57 - INFO - main.py - main: Monthly chart created: /home/fiona/kpi/pyout/IFD_CMS_Months.png
29-Aug-19 09:15:57 - DEBUG - main.py - main: 6. Prepare FYQ data and chart....
29-Aug-19 09:15:57 - INFO - plotkpi.py - plot_kpi_chart: Plotting chart IFD CMS for FYQ ......
29-Aug-19 09:15:58 - INFO - main.py - main: FYQ chart created: /home/fiona/kpi/pyout/IFD_CMS_FYQ.png
29-Aug-19 09:15:58 - INFO - main.py - main: Processing IFD data for: CMM
29-Aug-19 09:15:58 - DEBUG - main.py - main: 1. Calculate MTTR days....
29-Aug-19 09:16:17 - DEBUG - main.py - main: 2. Get open/closed counts....
29-Aug-19 09:16:17 - DEBUG - main.py - main: 3. Merge open/closed/mttr data....
29-Aug-19 09:16:17 - DEBUG - main.py - main: 4. Perform MTTR calcs....
29-Aug-19 09:16:17 - DEBUG - main.py - main: 5. Prepare monthly data and chart....
29-Aug-19 09:16:17 - INFO - plotkpi.py - plot_kpi_chart: Plotting chart IFD CMM for Months ......
29-Aug-19 09:16:17 - INFO - main.py - main: Monthly chart created: /home/fiona/kpi/pyout/IFD_CMM_Months.png
29-Aug-19 09:16:17 - DEBUG - main.py - main: 6. Prepare FYQ data and chart....
29-Aug-19 09:16:17 - INFO - plotkpi.py - plot_kpi_chart: Plotting chart IFD CMM for FYQ ......
29-Aug-19 09:16:18 - INFO - main.py - main: FYQ chart created: /home/fiona/kpi/pyout/IFD_CMM_FYQ.png
29-Aug-19 09:16:18 - DEBUG - main.py - main: 7. Perform All MTTR calcs....
29-Aug-19 09:16:18 - DEBUG - main.py - main: 8. Group all by month....
29-Aug-19 09:16:18 - DEBUG - main.py - main: 9. Chart All monthly....
29-Aug-19 09:16:18 - INFO - plotkpi.py - plot_kpi_chart: Plotting chart IFD CMA, CMS, CMM for AllMonths ......
29-Aug-19 09:16:18 - INFO - main.py - main: All Months chart created: /home/fiona/kpi/pyout/IFD_AllMonths.png
29-Aug-19 09:16:18 - DEBUG - main.py - main: 10. Group all by FYQ....
29-Aug-19 09:16:18 - DEBUG - main.py - main: 11. Chart All FYQ....
29-Aug-19 09:16:18 - INFO - plotkpi.py - plot_kpi_chart: Plotting chart IFD CMA, CMS, CMM for AllFYQ ......
29-Aug-19 09:16:19 - INFO - main.py - main: All FYQ chart created: /home/fiona/kpi/pyout/IFD_AllFYQ.png
29-Aug-19 09:16:19 - DEBUG - main.py - main: Selected - CFD
29-Aug-19 09:16:19 - INFO - dataimport.py - get_jira_client: JIRA Connection Status: OK
29-Aug-19 09:17:20 - INFO - dataimport.py - import_from_api: Imported records: 1330
29-Aug-19 09:17:20 - DEBUG - dataprep.py - reformat_df_dates: Reformat dates.....
29-Aug-19 09:17:20 - INFO - main.py - main: Processing CFD data for: CMA
29-Aug-19 09:17:20 - DEBUG - main.py - main: 1. Calculate MTTR days....
29-Aug-19 09:17:25 - DEBUG - main.py - main: 2. Get open/closed counts....
29-Aug-19 09:17:25 - DEBUG - main.py - main: 3. Merge open/closed/mttr data....
29-Aug-19 09:17:25 - DEBUG - main.py - main: 4. Perform MTTR calcs....
29-Aug-19 09:17:25 - DEBUG - main.py - main: 5. Prepare monthly data and chart....
29-Aug-19 09:17:25 - INFO - plotkpi.py - plot_kpi_chart: Plotting chart CFD CMA for Months ......
29-Aug-19 09:17:25 - INFO - main.py - main: Monthly chart created: /home/fiona/kpi/pyout/CFD_CMA_Months.png
29-Aug-19 09:17:25 - DEBUG - main.py - main: 6. Prepare FYQ data and chart....
29-Aug-19 09:17:25 - INFO - plotkpi.py - plot_kpi_chart: Plotting chart CFD CMA for FYQ ......
29-Aug-19 09:17:26 - INFO - main.py - main: FYQ chart created: /home/fiona/kpi/pyout/CFD_CMA_FYQ.png
29-Aug-19 09:17:26 - INFO - main.py - main: Processing CFD data for: CMS
29-Aug-19 09:17:26 - DEBUG - main.py - main: 1. Calculate MTTR days....
29-Aug-19 09:17:37 - DEBUG - main.py - main: 2. Get open/closed counts....
29-Aug-19 09:17:37 - DEBUG - main.py - main: 3. Merge open/closed/mttr data....
29-Aug-19 09:17:37 - DEBUG - main.py - main: 4. Perform MTTR calcs....
29-Aug-19 09:17:37 - DEBUG - main.py - main: 5. Prepare monthly data and chart....
29-Aug-19 09:17:37 - INFO - plotkpi.py - plot_kpi_chart: Plotting chart CFD CMS for Months ......
29-Aug-19 09:17:38 - INFO - main.py - main: Monthly chart created: /home/fiona/kpi/pyout/CFD_CMS_Months.png
29-Aug-19 09:17:38 - DEBUG - main.py - main: 6. Prepare FYQ data and chart....
29-Aug-19 09:17:38 - INFO - plotkpi.py - plot_kpi_chart: Plotting chart CFD CMS for FYQ ......
29-Aug-19 09:17:38 - INFO - main.py - main: FYQ chart created: /home/fiona/kpi/pyout/CFD_CMS_FYQ.png
29-Aug-19 09:17:38 - INFO - main.py - main: Processing CFD data for: CMM
29-Aug-19 09:17:38 - DEBUG - main.py - main: 1. Calculate MTTR days....
29-Aug-19 09:17:39 - DEBUG - main.py - main: 2. Get open/closed counts....
29-Aug-19 09:17:39 - DEBUG - main.py - main: 3. Merge open/closed/mttr data....
29-Aug-19 09:17:39 - DEBUG - main.py - main: 4. Perform MTTR calcs....
29-Aug-19 09:17:39 - DEBUG - main.py - main: 5. Prepare monthly data and chart....
29-Aug-19 09:17:39 - INFO - plotkpi.py - plot_kpi_chart: Plotting chart CFD CMM for Months ......
29-Aug-19 09:17:39 - INFO - main.py - main: Monthly chart created: /home/fiona/kpi/pyout/CFD_CMM_Months.png
29-Aug-19 09:17:39 - DEBUG - main.py - main: 6. Prepare FYQ data and chart....
29-Aug-19 09:17:39 - INFO - plotkpi.py - plot_kpi_chart: Plotting chart CFD CMM for FYQ ......
29-Aug-19 09:17:39 - INFO - main.py - main: FYQ chart created: /home/fiona/kpi/pyout/CFD_CMM_FYQ.png
29-Aug-19 09:17:39 - DEBUG - main.py - main: 7. Perform All MTTR calcs....
29-Aug-19 09:17:39 - DEBUG - main.py - main: 8. Group all by month....
29-Aug-19 09:17:39 - DEBUG - main.py - main: 9. Chart All monthly....
29-Aug-19 09:17:39 - INFO - plotkpi.py - plot_kpi_chart: Plotting chart CFD CMA, CMS, CMM for AllMonths ......
29-Aug-19 09:17:40 - INFO - main.py - main: All Months chart created: /home/fiona/kpi/pyout/CFD_AllMonths.png
29-Aug-19 09:17:40 - DEBUG - main.py - main: 10. Group all by FYQ....
29-Aug-19 09:17:40 - DEBUG - main.py - main: 11. Chart All FYQ....
29-Aug-19 09:17:40 - INFO - plotkpi.py - plot_kpi_chart: Plotting chart CFD CMA, CMS, CMM for AllFYQ ......
29-Aug-19 09:17:40 - INFO - main.py - main: All FYQ chart created: /home/fiona/kpi/pyout/CFD_AllFYQ.png
29-Aug-19 09:17:40 - INFO - main.py - main: Processing KPI for: CDETS
29-Aug-19 09:17:40 - DEBUG - main.py - main: Selected - PSIRT
29-Aug-19 09:17:43 - INFO - dataimport.py - get_api_data: PSIRT Connection: OK
29-Aug-19 09:17:43 - INFO - dataimport.py - import_from_api: Imported records: 155
29-Aug-19 09:17:43 - DEBUG - dataprep.py - reformat_df_dates: Reformat dates.....
29-Aug-19 09:17:43 - INFO - main.py - main: Processing PSIRT data for: CMA
29-Aug-19 09:17:43 - DEBUG - main.py - main: 1. Calculate MTTR days....
29-Aug-19 09:17:43 - DEBUG - main.py - main: 2. Get open/closed counts....
29-Aug-19 09:17:43 - DEBUG - main.py - main: 3. Merge open/closed/mttr data....
29-Aug-19 09:17:43 - DEBUG - main.py - main: 4. Perform MTTR calcs....
29-Aug-19 09:17:44 - DEBUG - main.py - main: 5. Prepare monthly data and chart....
29-Aug-19 09:17:44 - INFO - plotkpi.py - plot_kpi_chart: Plotting chart PSIRT CMA for Months ......
29-Aug-19 09:17:44 - INFO - main.py - main: Monthly chart created: /home/fiona/kpi/pyout/PSIRT_CMA_Months.png
29-Aug-19 09:17:44 - INFO - main.py - main: Processing PSIRT data for: CMS
29-Aug-19 09:17:44 - DEBUG - main.py - main: 1. Calculate MTTR days....
29-Aug-19 09:17:45 - DEBUG - main.py - main: 2. Get open/closed counts....
29-Aug-19 09:17:45 - DEBUG - main.py - main: 3. Merge open/closed/mttr data....
29-Aug-19 09:17:45 - DEBUG - main.py - main: 4. Perform MTTR calcs....
29-Aug-19 09:17:45 - DEBUG - main.py - main: 5. Prepare monthly data and chart....
29-Aug-19 09:17:45 - INFO - plotkpi.py - plot_kpi_chart: Plotting chart PSIRT CMS for Months ......
29-Aug-19 09:17:45 - INFO - main.py - main: Monthly chart created: /home/fiona/kpi/pyout/PSIRT_CMS_Months.png
29-Aug-19 09:17:45 - INFO - main.py - main: Processing PSIRT data for: CMM
29-Aug-19 09:17:45 - DEBUG - main.py - main: 1. Calculate MTTR days....
29-Aug-19 09:17:46 - DEBUG - main.py - main: 2. Get open/closed counts....
29-Aug-19 09:17:46 - DEBUG - main.py - main: 3. Merge open/closed/mttr data....
29-Aug-19 09:17:46 - DEBUG - main.py - main: 4. Perform MTTR calcs....
29-Aug-19 09:17:46 - DEBUG - main.py - main: 5. Prepare monthly data and chart....
29-Aug-19 09:17:46 - INFO - plotkpi.py - plot_kpi_chart: Plotting chart PSIRT CMM for Months ......
29-Aug-19 09:17:46 - INFO - main.py - main: Monthly chart created: /home/fiona/kpi/pyout/PSIRT_CMM_Months.png
29-Aug-19 09:17:46 - DEBUG - main.py - main: 7. Perform All MTTR calcs....
29-Aug-19 09:17:46 - DEBUG - main.py - main: 8. Group all by month....
29-Aug-19 09:17:46 - DEBUG - main.py - main: 9. Chart All monthly....
29-Aug-19 09:17:46 - INFO - plotkpi.py - plot_kpi_chart: Plotting chart PSIRT CMA, CMS, CMM for AllMonths ......
29-Aug-19 09:17:47 - INFO - main.py - main: All Months chart created: /home/fiona/kpi/pyout/PSIRT_AllMonths.png
29-Aug-19 09:17:47 - INFO - main.py - main: Processing KPI for: ACANO
29-Aug-19 09:17:47 - DEBUG - main.py - main: Selected - ATC
29-Aug-19 09:17:47 - INFO - main.py - process_atc_schedules: ...processing ATC schedules for Server
29-Aug-19 09:17:53 - INFO - dataimport.py - get_api_data: ATC Connection: OK
29-Aug-19 09:17:53 - INFO - dataimport.py - import_from_api: Imported records: 1213
29-Aug-19 09:17:53 - DEBUG - dataprep.py - get_atc_plot_data: ATC dates: Start - 2018-02-01 00:00:00; End - 2019-07-31 00:00:00
29-Aug-19 09:17:53 - INFO - plotkpi.py - plot_atc_chart: Plotting ATC chart for Server main......
29-Aug-19 09:17:53 - INFO - main.py - process_atc_schedules: Server main chart created for /home/fiona/kpi/pyout/ATC_ServerTests.png
29-Aug-19 09:17:53 - INFO - plotkpi.py - plot_atc_chart: Plotting ATC chart for Server passed......
29-Aug-19 09:17:54 - INFO - main.py - process_atc_schedules: Server passed chart created for /home/fiona/kpi/pyout/ATC_ServerPasses.png
29-Aug-19 09:17:54 - INFO - plotkpi.py - plot_atc_chart: Plotting ATC chart for Server %passed......
29-Aug-19 09:17:54 - INFO - main.py - process_atc_schedules: Server %passed chart created for /home/fiona/kpi/pyout/ATC_%ServerPasses.png
29-Aug-19 09:17:54 - INFO - main.py - process_atc_schedules: ...processing ATC schedules for Client
29-Aug-19 09:17:56 - INFO - dataimport.py - get_api_data: ATC Connection: OK
29-Aug-19 09:17:56 - INFO - dataimport.py - import_from_api: Imported records: 331
29-Aug-19 09:17:56 - DEBUG - dataprep.py - get_atc_plot_data: ATC dates: Start - 2018-02-01 00:00:00; End - 2019-07-31 00:00:00
29-Aug-19 09:17:56 - INFO - plotkpi.py - plot_atc_chart: Plotting ATC chart for Client main......
29-Aug-19 09:17:56 - INFO - main.py - process_atc_schedules: Client main chart created for /home/fiona/kpi/pyout/ATC_ClientTests.png
29-Aug-19 09:17:56 - INFO - plotkpi.py - plot_atc_chart: Plotting ATC chart for Client passed......
29-Aug-19 09:17:57 - INFO - main.py - process_atc_schedules: Client passed chart created for /home/fiona/kpi/pyout/ATC_ClientPasses.png
29-Aug-19 09:17:57 - INFO - plotkpi.py - plot_atc_chart: Plotting ATC chart for Client %passed......
29-Aug-19 09:17:57 - INFO - main.py - process_atc_schedules: Client %passed chart created for /home/fiona/kpi/pyout/ATC_%ClientPasses.png
29-Aug-19 09:17:57 - INFO - main.py - process_atc_schedules: ...processing ATC schedules for SecurityVTP
29-Aug-19 09:17:57 - INFO - dataimport.py - get_api_data: ATC Connection: OK
29-Aug-19 09:17:57 - INFO - dataimport.py - import_from_api: Imported records: 5
29-Aug-19 09:17:57 - WARNING - main.py - process_atc_schedules: Insufficient data to plot ATC - SecurityVTP
29-Aug-19 09:17:57 - INFO - main.py - main: Processing KPI for: BEMS
29-Aug-19 09:17:57 - DEBUG - main.py - main: Selected - BEMS
29-Aug-19 09:17:59 - INFO - dataimport.py - __init__: Oracle DB Connection Status: OK
29-Aug-19 09:18:02 - DEBUG - dataprep.py - reformat_df_dates: Reformat dates.....
29-Aug-19 09:18:02 - INFO - plotkpi.py - plot_bems_chart: Plotting BEMS Escalation chart ByMonth .....
29-Aug-19 09:18:02 - INFO - main.py - process_bems_data: BEMS ByMonth chart created: /home/fiona/kpi/pyout/BEMS_ByMonth.png
29-Aug-19 09:18:02 - INFO - plotkpi.py - plot_bems_chart: Plotting BEMS Escalation chart ByFYQ .....
29-Aug-19 09:18:03 - INFO - main.py - process_bems_data: BEMS ByFYQ chart created for /home/fiona/kpi/pyout/BEMS_ByFYQ.png
29-Aug-19 09:18:03 - INFO - main.py - main: Processing KPI for: SWDL
29-Aug-19 09:18:03 - DEBUG - main.py - main: Selected - SWDL
29-Aug-19 09:18:09 - INFO - dataimport.py - import_from_excel: Imported records: 79753
29-Aug-19 09:18:09 - DEBUG - swdlprep.py - apply_filters: Filter dates: 2016-08-01 00:00:00 - 2019-07-31 00:00:00
29-Aug-19 09:18:09 - DEBUG - swdlprep.py - apply_filters: Filtered records: 78497
29-Aug-19 09:18:10 - INFO - swdlprep.py - filter_swdl: Cleaned data: 78497
29-Aug-19 09:18:26 - INFO - swdlprep.py - decode_filename: Downloadfile decoded records: 78497
29-Aug-19 09:18:38 - INFO - plotkpi.py - plot_swdl_chart: Plotting SWDL chart for CMA 12W .....
29-Aug-19 09:18:39 - INFO - main.py - process_swdl_data: Chart created for CMA 12W: /home/fiona/kpi/pyout/SWDL_CMA_12W.png
29-Aug-19 09:18:39 - INFO - plotkpi.py - plot_swdl_chart: Plotting SWDL chart for CMA 18M .....
29-Aug-19 09:18:39 - INFO - main.py - process_swdl_data: Chart created for CMA 18M: /home/fiona/kpi/pyout/SWDL_CMA_18M.png
29-Aug-19 09:18:49 - INFO - plotkpi.py - plot_swdl_chart: Plotting SWDL chart for CMA allW .....
29-Aug-19 09:18:50 - INFO - main.py - process_swdl_data: Chart created for CMA allW: /home/fiona/kpi/pyout/SWDL_CMA_allW.png
29-Aug-19 09:18:57 - INFO - plotkpi.py - plot_swdl_chart: Plotting SWDL chart for CMS 12W .....
29-Aug-19 09:18:58 - INFO - main.py - process_swdl_data: Chart created for CMS 12W: /home/fiona/kpi/pyout/SWDL_CMS_12W.png
29-Aug-19 09:18:58 - INFO - plotkpi.py - plot_swdl_chart: Plotting SWDL chart for CMS 18M .....
29-Aug-19 09:18:59 - INFO - main.py - process_swdl_data: Chart created for CMS 18M: /home/fiona/kpi/pyout/SWDL_CMS_18M.png
29-Aug-19 09:19:16 - INFO - plotkpi.py - plot_swdl_chart: Plotting SWDL chart for CMS allW .....
29-Aug-19 09:19:18 - INFO - main.py - process_swdl_data: Chart created for CMS allW: /home/fiona/kpi/pyout/SWDL_CMS_allW.png
29-Aug-19 09:19:21 - INFO - plotkpi.py - plot_swdl_chart: Plotting SWDL chart for CMM 12W .....
29-Aug-19 09:19:22 - INFO - main.py - process_swdl_data: Chart created for CMM 12W: /home/fiona/kpi/pyout/SWDL_CMM_12W.png
29-Aug-19 09:19:22 - INFO - plotkpi.py - plot_swdl_chart: Plotting SWDL chart for CMM 18M .....
29-Aug-19 09:19:22 - INFO - main.py - process_swdl_data: Chart created for CMM 18M: /home/fiona/kpi/pyout/SWDL_CMM_18M.png
29-Aug-19 09:19:25 - INFO - plotkpi.py - plot_swdl_chart: Plotting SWDL chart for CMM allW .....
29-Aug-19 09:19:25 - INFO - main.py - process_swdl_data: Chart created for CMM allW: /home/fiona/kpi/pyout/SWDL_CMM_allW.png
29-Aug-19 09:19:25 - INFO - main.py - <module>: 
29-Aug-19 09:19:25 - INFO - main.py - <module>: Finished!
